1632921278852	geckodriver	INFO	Listening on 127.0.0.1:49786
1632921281894	mozrunner::runner	INFO	Running command: "C:\\Program Files\\Mozilla Firefox\\firefox.exe" "--marionette" "-foreground" "-no-remote" "-profile" "C:\\Users\\Lenovo\\AppData\\Local\\Temp\\rust_mozprofilewkqMAK"
1632921282438	Marionette	INFO	Marionette enabled
console.warn: SearchSettings: "get: No settings file exists, new profile?" (new NotFoundError("Could not open the file at C:\\Users\\Lenovo\\AppData\\Local\\Temp\\rust_mozprofilewkqMAK\\search.json.mozlz4", (void 0)))
1632921285721	Marionette	INFO	Listening on port 49794
1632921286087	RemoteAgent	WARN	TLS certificate errors will be ignored for this session
JavaScript warning: https://static-exp1.licdn.com/sc/h/6jblk5oqhlo45xbkmcr7s4zix, line 1: WEBGL_debug_renderer_info is deprecated in Firefox and will be removed. Please use RENDERER.
JavaScript warning: https://static-exp1.licdn.com/sc/h/6jblk5oqhlo45xbkmcr7s4zix, line 1: WEBGL_debug_renderer_info is deprecated in Firefox and will be removed. Please use RENDERER.
JavaScript warning: https://static-exp1.licdn.com/sc/h/jehaalv6vyu4p2w9378icw2c, line 2: WEBGL_debug_renderer_info is deprecated in Firefox and will be removed. Please use RENDERER.
JavaScript warning: https://static-exp1.licdn.com/sc/h/6jblk5oqhlo45xbkmcr7s4zix, line 1: WEBGL_debug_renderer_info is deprecated in Firefox and will be removed. Please use RENDERER.
JavaScript warning: https://static-exp1.licdn.com/sc/h/6jblk5oqhlo45xbkmcr7s4zix, line 1: WEBGL_debug_renderer_info is deprecated in Firefox and will be removed. Please use RENDERER.
JavaScript warning: https://static-exp1.licdn.com/sc/h/6jblk5oqhlo45xbkmcr7s4zix, line 1: WEBGL_debug_renderer_info is deprecated in Firefox and will be removed. Please use RENDERER.
JavaScript warning: https://static-exp1.licdn.com/sc/h/6jblk5oqhlo45xbkmcr7s4zix, line 1: WEBGL_debug_renderer_info is deprecated in Firefox and will be removed. Please use RENDERER.
JavaScript warning: https://static-exp1.licdn.com/sc/h/6jblk5oqhlo45xbkmcr7s4zix, line 1: WEBGL_debug_renderer_info is deprecated in Firefox and will be removed. Please use RENDERER.
JavaScript warning: https://static-exp1.licdn.com/sc/h/6jblk5oqhlo45xbkmcr7s4zix, line 1: WEBGL_debug_renderer_info is deprecated in Firefox and will be removed. Please use RENDERER.
JavaScript warning: https://static-exp1.licdn.com/sc/h/dvcxgb23fugfm6vdmo5ymxmwg, line 6273: unreachable code after return statement
JavaScript warning: https://static-exp1.licdn.com/sc/h/e6umn1lwuah42akyjinuzj06v, line 6: unreachable code after return statement
JavaScript warning: https://static-exp1.licdn.com/sc/h/e6umn1lwuah42akyjinuzj06v, line 6: unreachable code after return statement
JavaScript warning: https://static-exp1.licdn.com/sc/h/4vrs22yl45omjnal67n03vi1c, line 6: unreachable code after return statement
JavaScript warning: https://static-exp1.licdn.com/sc/h/5rhvbk6i5rbgafytdhsfboh0e, line 6: unreachable code after return statement
JavaScript warning: https://static-exp1.licdn.com/sc/h/713twpe74fl4xx84p36anyqad, line 6: unreachable code after return statement
JavaScript warning: https://static-exp1.licdn.com/sc/h/86iggxtwbnt6wg8b2cehlgize, line 6: unreachable code after return statement
1632921341856	Marionette	INFO	Stopped listening on port 49794
JavaScript error: https://static-exp1.licdn.com/sc/h/dvcxgb23fugfm6vdmo5ymxmwg, line 424: NS_ERROR_NOT_INITIALIZED: 
JavaScript error: https://static-exp1.licdn.com/sc/h/3j0kwxmvlusps1sumqugt1zkb, line 323: TypeError: this.iframe.contentWindow is null
JavaScript error: resource:///modules/Interactions.jsm, line 230: NS_ERROR_FAILURE: Component returned failure code: 0x80004005 (NS_ERROR_FAILURE) [nsIUserIdleService.removeIdleObserver]
JavaScript error: chrome://remote/content/marionette/cert.js, line 55: NS_ERROR_NOT_AVAILABLE: Component returned failure code: 0x80040111 (NS_ERROR_NOT_AVAILABLE) [nsICertOverrideService.setDisableAllSecurityChecksAndLetAttackersInterceptMyData]
[Parent 26896, IPC I/O Parent] WARNING: file /builds/worker/checkouts/gecko/ipc/chromium/src/base/process_util_win.cc:167
1632921356022	geckodriver	INFO	Listening on 127.0.0.1:49953
1632921359077	mozrunner::runner	INFO	Running command: "C:\\Program Files\\Mozilla Firefox\\firefox.exe" "--marionette" "-foreground" "-no-remote" "-profile" "C:\\Users\\Lenovo\\AppData\\Local\\Temp\\rust_mozprofilezPBUPy"
1632921359974	Marionette	INFO	Marionette enabled
console.warn: SearchSettings: "get: No settings file exists, new profile?" (new NotFoundError("Could not open the file at C:\\Users\\Lenovo\\AppData\\Local\\Temp\\rust_mozprofilezPBUPy\\search.json.mozlz4", (void 0)))
1632921362910	Marionette	INFO	Listening on port 49961
1632921363291	RemoteAgent	WARN	TLS certificate errors will be ignored for this session
JavaScript warning: https://static-exp1.licdn.com/sc/h/6jblk5oqhlo45xbkmcr7s4zix, line 1: WEBGL_debug_renderer_info is deprecated in Firefox and will be removed. Please use RENDERER.
JavaScript warning: https://static-exp1.licdn.com/sc/h/6jblk5oqhlo45xbkmcr7s4zix, line 1: WEBGL_debug_renderer_info is deprecated in Firefox and will be removed. Please use RENDERER.
JavaScript warning: https://static-exp1.licdn.com/sc/h/jehaalv6vyu4p2w9378icw2c, line 2: WEBGL_debug_renderer_info is deprecated in Firefox and will be removed. Please use RENDERER.
JavaScript warning: https://static-exp1.licdn.com/sc/h/6jblk5oqhlo45xbkmcr7s4zix, line 1: WEBGL_debug_renderer_info is deprecated in Firefox and will be removed. Please use RENDERER.
JavaScript warning: https://static-exp1.licdn.com/sc/h/6jblk5oqhlo45xbkmcr7s4zix, line 1: WEBGL_debug_renderer_info is deprecated in Firefox and will be removed. Please use RENDERER.
JavaScript warning: https://static-exp1.licdn.com/sc/h/6jblk5oqhlo45xbkmcr7s4zix, line 1: WEBGL_debug_renderer_info is deprecated in Firefox and will be removed. Please use RENDERER.
JavaScript warning: https://static-exp1.licdn.com/sc/h/6jblk5oqhlo45xbkmcr7s4zix, line 1: WEBGL_debug_renderer_info is deprecated in Firefox and will be removed. Please use RENDERER.
JavaScript warning: https://static-exp1.licdn.com/sc/h/6jblk5oqhlo45xbkmcr7s4zix, line 1: WEBGL_debug_renderer_info is deprecated in Firefox and will be removed. Please use RENDERER.
JavaScript warning: https://static-exp1.licdn.com/sc/h/6jblk5oqhlo45xbkmcr7s4zix, line 1: WEBGL_debug_renderer_info is deprecated in Firefox and will be removed. Please use RENDERER.
1632921390211	Marionette	INFO	Stopped listening on port 49961
JavaScript error: resource:///modules/Interactions.jsm, line 230: NS_ERROR_FAILURE: Component returned failure code: 0x80004005 (NS_ERROR_FAILURE) [nsIUserIdleService.removeIdleObserver]
JavaScript error: chrome://remote/content/marionette/cert.js, line 55: NS_ERROR_NOT_AVAILABLE: Component returned failure code: 0x80040111 (NS_ERROR_NOT_AVAILABLE) [nsICertOverrideService.setDisableAllSecurityChecksAndLetAttackersInterceptMyData]

###!!! [Parent][RunMessage] Error: Channel closing: too late to send/recv, messages will be lost

1632921400716	geckodriver	INFO	Listening on 127.0.0.1:50122
1632921403769	mozrunner::runner	INFO	Running command: "C:\\Program Files\\Mozilla Firefox\\firefox.exe" "--marionette" "-foreground" "-no-remote" "-profile" "C:\\Users\\Lenovo\\AppData\\Local\\Temp\\rust_mozprofile58dIBn"
1632921404399	Marionette	INFO	Marionette enabled
console.warn: SearchSettings: "get: No settings file exists, new profile?" (new NotFoundError("Could not open the file at C:\\Users\\Lenovo\\AppData\\Local\\Temp\\rust_mozprofile58dIBn\\search.json.mozlz4", (void 0)))
1632921407231	Marionette	INFO	Listening on port 50132
1632921407483	RemoteAgent	WARN	TLS certificate errors will be ignored for this session
JavaScript warning: https://static-exp1.licdn.com/sc/h/6jblk5oqhlo45xbkmcr7s4zix, line 1: WEBGL_debug_renderer_info is deprecated in Firefox and will be removed. Please use RENDERER.
JavaScript warning: https://static-exp1.licdn.com/sc/h/6jblk5oqhlo45xbkmcr7s4zix, line 1: WEBGL_debug_renderer_info is deprecated in Firefox and will be removed. Please use RENDERER.
JavaScript warning: https://static-exp1.licdn.com/sc/h/jehaalv6vyu4p2w9378icw2c, line 2: WEBGL_debug_renderer_info is deprecated in Firefox and will be removed. Please use RENDERER.
JavaScript warning: https://static-exp1.licdn.com/sc/h/jehaalv6vyu4p2w9378icw2c, line 2: WEBGL_debug_renderer_info is deprecated in Firefox and will be removed. Please use RENDERER.
JavaScript warning: https://static-exp1.licdn.com/sc/h/6jblk5oqhlo45xbkmcr7s4zix, line 1: WEBGL_debug_renderer_info is deprecated in Firefox and will be removed. Please use RENDERER.
JavaScript warning: https://static-exp1.licdn.com/sc/h/6jblk5oqhlo45xbkmcr7s4zix, line 1: WEBGL_debug_renderer_info is deprecated in Firefox and will be removed. Please use RENDERER.
JavaScript warning: https://static-exp1.licdn.com/sc/h/dvcxgb23fugfm6vdmo5ymxmwg, line 6273: unreachable code after return statement
JavaScript warning: https://static-exp1.licdn.com/sc/h/e6umn1lwuah42akyjinuzj06v, line 6: unreachable code after return statement
JavaScript warning: https://static-exp1.licdn.com/sc/h/e6umn1lwuah42akyjinuzj06v, line 6: unreachable code after return statement
JavaScript warning: https://static-exp1.licdn.com/sc/h/4vrs22yl45omjnal67n03vi1c, line 6: unreachable code after return statement
JavaScript warning: https://static-exp1.licdn.com/sc/h/5rhvbk6i5rbgafytdhsfboh0e, line 6: unreachable code after return statement
JavaScript warning: https://static-exp1.licdn.com/sc/h/713twpe74fl4xx84p36anyqad, line 6: unreachable code after return statement
JavaScript warning: https://static-exp1.licdn.com/sc/h/86iggxtwbnt6wg8b2cehlgize, line 6: unreachable code after return statement
[Child 20860, MediaDecoderStateMachine #1] WARNING: 2604beeaba0 Could not set cubeb stream name.: file /builds/worker/checkouts/gecko/dom/media/AudioStream.cpp:367
1632921456905	Marionette	WARN	Ignoring event 'pageshow' because document has an invalid readyState of 'uninitialized'.
[Child 20860, MediaDecoderStateMachine #1] WARNING: 2603ec04740 Could not set cubeb stream name.: file /builds/worker/checkouts/gecko/dom/media/AudioStream.cpp:367
JavaScript warning: https://static-exp1.licdn.com/sc/h/dvcxgb23fugfm6vdmo5ymxmwg, line 6273: unreachable code after return statement
JavaScript warning: https://static-exp1.licdn.com/sc/h/7tc19ijeg1hdzt0rjhujy81yv, line 6: unreachable code after return statement
JavaScript warning: https://static-exp1.licdn.com/sc/h/e6umn1lwuah42akyjinuzj06v, line 6: unreachable code after return statement
JavaScript warning: https://static-exp1.licdn.com/sc/h/e6umn1lwuah42akyjinuzj06v, line 6: unreachable code after return statement
JavaScript warning: https://static-exp1.licdn.com/sc/h/ed46i4l8cgiisriy2gsysr5j, line 6: unreachable code after return statement
JavaScript warning: https://static-exp1.licdn.com/sc/h/713twpe74fl4xx84p36anyqad, line 6: unreachable code after return statement
JavaScript warning: https://static-exp1.licdn.com/sc/h/86iggxtwbnt6wg8b2cehlgize, line 6: unreachable code after return statement
JavaScript warning: https://static-exp1.licdn.com/sc/h/dvcxgb23fugfm6vdmo5ymxmwg, line 6273: unreachable code after return statement
JavaScript warning: https://static-exp1.licdn.com/sc/h/7tc19ijeg1hdzt0rjhujy81yv, line 6: unreachable code after return statement
JavaScript warning: https://static-exp1.licdn.com/sc/h/e6umn1lwuah42akyjinuzj06v, line 6: unreachable code after return statement
JavaScript warning: https://static-exp1.licdn.com/sc/h/e6umn1lwuah42akyjinuzj06v, line 6: unreachable code after return statement
JavaScript warning: https://static-exp1.licdn.com/sc/h/ed46i4l8cgiisriy2gsysr5j, line 6: unreachable code after return statement
JavaScript warning: https://static-exp1.licdn.com/sc/h/713twpe74fl4xx84p36anyqad, line 6: unreachable code after return statement
JavaScript warning: https://static-exp1.licdn.com/sc/h/86iggxtwbnt6wg8b2cehlgize, line 6: unreachable code after return statement
JavaScript warning: https://static-exp1.licdn.com/sc/h/dvcxgb23fugfm6vdmo5ymxmwg, line 6273: unreachable code after return statement
JavaScript warning: https://static-exp1.licdn.com/sc/h/7tc19ijeg1hdzt0rjhujy81yv, line 6: unreachable code after return statement
JavaScript warning: https://static-exp1.licdn.com/sc/h/e6umn1lwuah42akyjinuzj06v, line 6: unreachable code after return statement
JavaScript warning: https://static-exp1.licdn.com/sc/h/e6umn1lwuah42akyjinuzj06v, line 6: unreachable code after return statement
JavaScript warning: https://static-exp1.licdn.com/sc/h/ed46i4l8cgiisriy2gsysr5j, line 6: unreachable code after return statement
JavaScript warning: https://static-exp1.licdn.com/sc/h/713twpe74fl4xx84p36anyqad, line 6: unreachable code after return statement
JavaScript warning: https://static-exp1.licdn.com/sc/h/86iggxtwbnt6wg8b2cehlgize, line 6: unreachable code after return statement
JavaScript error: , line 0: uncaught exception: Object
JavaScript error: , line 0: uncaught exception: Object
JavaScript error: , line 0: uncaught exception: Object
JavaScript error: , line 0: uncaught exception: Object
JavaScript error: , line 0: uncaught exception: undefined
1632921480450	Marionette	INFO	Stopped listening on port 50132
JavaScript error: resource://devtools/client/jsonview/Sniffer.jsm, line 56: NS_ERROR_NOT_AVAILABLE: Component returned failure code: 0x80040111 (NS_ERROR_NOT_AVAILABLE) [nsIChannel.contentType]
JavaScript error: resource:///modules/Interactions.jsm, line 230: NS_ERROR_FAILURE: Component returned failure code: 0x80004005 (NS_ERROR_FAILURE) [nsIUserIdleService.removeIdleObserver]
JavaScript error: chrome://remote/content/marionette/cert.js, line 55: NS_ERROR_NOT_AVAILABLE: Component returned failure code: 0x80040111 (NS_ERROR_NOT_AVAILABLE) [nsICertOverrideService.setDisableAllSecurityChecksAndLetAttackersInterceptMyData]

###!!! [Parent][RunMessage] Error: Channel closing: too late to send/recv, messages will be lost

1632921493557	geckodriver	INFO	Listening on 127.0.0.1:56959
1632921496604	mozrunner::runner	INFO	Running command: "C:\\Program Files\\Mozilla Firefox\\firefox.exe" "--marionette" "-foreground" "-no-remote" "-profile" "C:\\Users\\Lenovo\\AppData\\Local\\Temp\\rust_mozprofile91453x"
1632921497325	Marionette	INFO	Marionette enabled
console.warn: SearchSettings: "get: No settings file exists, new profile?" (new NotFoundError("Could not open the file at C:\\Users\\Lenovo\\AppData\\Local\\Temp\\rust_mozprofile91453x\\search.json.mozlz4", (void 0)))
1632921500210	Marionette	INFO	Listening on port 56969
1632921500308	RemoteAgent	WARN	TLS certificate errors will be ignored for this session
JavaScript warning: https://static-exp1.licdn.com/sc/h/6jblk5oqhlo45xbkmcr7s4zix, line 1: WEBGL_debug_renderer_info is deprecated in Firefox and will be removed. Please use RENDERER.
JavaScript warning: https://static-exp1.licdn.com/sc/h/6jblk5oqhlo45xbkmcr7s4zix, line 1: WEBGL_debug_renderer_info is deprecated in Firefox and will be removed. Please use RENDERER.
JavaScript warning: https://static-exp1.licdn.com/sc/h/jehaalv6vyu4p2w9378icw2c, line 2: WEBGL_debug_renderer_info is deprecated in Firefox and will be removed. Please use RENDERER.
JavaScript warning: https://static-exp1.licdn.com/sc/h/6jblk5oqhlo45xbkmcr7s4zix, line 1: WEBGL_debug_renderer_info is deprecated in Firefox and will be removed. Please use RENDERER.
JavaScript warning: https://static-exp1.licdn.com/sc/h/6jblk5oqhlo45xbkmcr7s4zix, line 1: WEBGL_debug_renderer_info is deprecated in Firefox and will be removed. Please use RENDERER.
JavaScript warning: https://static-exp1.licdn.com/sc/h/dvcxgb23fugfm6vdmo5ymxmwg, line 6273: unreachable code after return statement
JavaScript warning: https://static-exp1.licdn.com/sc/h/e6umn1lwuah42akyjinuzj06v, line 6: unreachable code after return statement
JavaScript warning: https://static-exp1.licdn.com/sc/h/e6umn1lwuah42akyjinuzj06v, line 6: unreachable code after return statement
JavaScript warning: https://static-exp1.licdn.com/sc/h/4vrs22yl45omjnal67n03vi1c, line 6: unreachable code after return statement
JavaScript warning: https://static-exp1.licdn.com/sc/h/5rhvbk6i5rbgafytdhsfboh0e, line 6: unreachable code after return statement
JavaScript warning: https://static-exp1.licdn.com/sc/h/713twpe74fl4xx84p36anyqad, line 6: unreachable code after return statement
JavaScript warning: https://static-exp1.licdn.com/sc/h/86iggxtwbnt6wg8b2cehlgize, line 6: unreachable code after return statement
JavaScript error: , line 0: uncaught exception: Object
JavaScript warning: https://static-exp1.licdn.com/sc/h/dvcxgb23fugfm6vdmo5ymxmwg, line 6273: unreachable code after return statement
JavaScript warning: https://static-exp1.licdn.com/sc/h/7tc19ijeg1hdzt0rjhujy81yv, line 6: unreachable code after return statement
JavaScript warning: https://static-exp1.licdn.com/sc/h/e6umn1lwuah42akyjinuzj06v, line 6: unreachable code after return statement
JavaScript warning: https://static-exp1.licdn.com/sc/h/e6umn1lwuah42akyjinuzj06v, line 6: unreachable code after return statement
JavaScript warning: https://static-exp1.licdn.com/sc/h/ed46i4l8cgiisriy2gsysr5j, line 6: unreachable code after return statement
JavaScript warning: https://static-exp1.licdn.com/sc/h/713twpe74fl4xx84p36anyqad, line 6: unreachable code after return statement
JavaScript warning: https://static-exp1.licdn.com/sc/h/86iggxtwbnt6wg8b2cehlgize, line 6: unreachable code after return statement
JavaScript warning: https://static-exp1.licdn.com/sc/h/dvcxgb23fugfm6vdmo5ymxmwg, line 6273: unreachable code after return statement
JavaScript warning: https://static-exp1.licdn.com/sc/h/7tc19ijeg1hdzt0rjhujy81yv, line 6: unreachable code after return statement
JavaScript warning: https://static-exp1.licdn.com/sc/h/e6umn1lwuah42akyjinuzj06v, line 6: unreachable code after return statement
JavaScript warning: https://static-exp1.licdn.com/sc/h/e6umn1lwuah42akyjinuzj06v, line 6: unreachable code after return statement
JavaScript warning: https://static-exp1.licdn.com/sc/h/ed46i4l8cgiisriy2gsysr5j, line 6: unreachable code after return statement
JavaScript warning: https://static-exp1.licdn.com/sc/h/713twpe74fl4xx84p36anyqad, line 6: unreachable code after return statement
JavaScript warning: https://static-exp1.licdn.com/sc/h/86iggxtwbnt6wg8b2cehlgize, line 6: unreachable code after return statement
JavaScript error: , line 0: uncaught exception: Object
JavaScript error: , line 0: uncaught exception: Object
JavaScript error: , line 0: uncaught exception: Object
JavaScript error: , line 0: uncaught exception: Object
JavaScript error: , line 0: uncaught exception: Object
JavaScript warning: https://static-exp1.licdn.com/sc/h/dvcxgb23fugfm6vdmo5ymxmwg, line 6273: unreachable code after return statement
JavaScript warning: https://static-exp1.licdn.com/sc/h/7tc19ijeg1hdzt0rjhujy81yv, line 6: unreachable code after return statement
JavaScript warning: https://static-exp1.licdn.com/sc/h/e6umn1lwuah42akyjinuzj06v, line 6: unreachable code after return statement
JavaScript warning: https://static-exp1.licdn.com/sc/h/e6umn1lwuah42akyjinuzj06v, line 6: unreachable code after return statement
JavaScript warning: https://static-exp1.licdn.com/sc/h/ed46i4l8cgiisriy2gsysr5j, line 6: unreachable code after return statement
JavaScript warning: https://static-exp1.licdn.com/sc/h/713twpe74fl4xx84p36anyqad, line 6: unreachable code after return statement
JavaScript warning: https://static-exp1.licdn.com/sc/h/86iggxtwbnt6wg8b2cehlgize, line 6: unreachable code after return statement
JavaScript error: , line 0: uncaught exception: Object
JavaScript error: , line 0: uncaught exception: Object
JavaScript warning: https://static-exp1.licdn.com/sc/h/7tc19ijeg1hdzt0rjhujy81yv, line 6: unreachable code after return statement
JavaScript warning: https://static-exp1.licdn.com/sc/h/ed46i4l8cgiisriy2gsysr5j, line 6: unreachable code after return statement
JavaScript error: , line 0: uncaught exception: Object
JavaScript error: , line 0: uncaught exception: Object
JavaScript error: , line 0: uncaught exception: Object
1632921552433	Marionette	INFO	Stopped listening on port 56969
JavaScript error: resource:///modules/Interactions.jsm, line 230: NS_ERROR_FAILURE: Component returned failure code: 0x80004005 (NS_ERROR_FAILURE) [nsIUserIdleService.removeIdleObserver]
[Parent 1776, IPC I/O Parent] WARNING: file /builds/worker/checkouts/gecko/ipc/chromium/src/base/process_util_win.cc:167
JavaScript error: chrome://remote/content/marionette/cert.js, line 55: NS_ERROR_NOT_AVAILABLE: Component returned failure code: 0x80040111 (NS_ERROR_NOT_AVAILABLE) [nsICertOverrideService.setDisableAllSecurityChecksAndLetAttackersInterceptMyData]
[Parent 1776, IPC I/O Parent] WARNING: file /builds/worker/checkouts/gecko/ipc/chromium/src/base/process_util_win.cc:167
1632921710777	geckodriver	INFO	Listening on 127.0.0.1:57147
1632921713834	mozrunner::runner	INFO	Running command: "C:\\Program Files\\Mozilla Firefox\\firefox.exe" "--marionette" "-foreground" "-no-remote" "-profile" "C:\\Users\\Lenovo\\AppData\\Local\\Temp\\rust_mozprofileWsdxcu"
1632921714459	Marionette	INFO	Marionette enabled
console.warn: SearchSettings: "get: No settings file exists, new profile?" (new NotFoundError("Could not open the file at C:\\Users\\Lenovo\\AppData\\Local\\Temp\\rust_mozprofileWsdxcu\\search.json.mozlz4", (void 0)))
1632921717338	Marionette	INFO	Listening on port 57158
1632921717548	RemoteAgent	WARN	TLS certificate errors will be ignored for this session
JavaScript warning: https://static-exp1.licdn.com/sc/h/6jblk5oqhlo45xbkmcr7s4zix, line 1: WEBGL_debug_renderer_info is deprecated in Firefox and will be removed. Please use RENDERER.
JavaScript warning: https://static-exp1.licdn.com/sc/h/6jblk5oqhlo45xbkmcr7s4zix, line 1: WEBGL_debug_renderer_info is deprecated in Firefox and will be removed. Please use RENDERER.
JavaScript warning: https://static-exp1.licdn.com/sc/h/jehaalv6vyu4p2w9378icw2c, line 2: WEBGL_debug_renderer_info is deprecated in Firefox and will be removed. Please use RENDERER.
JavaScript warning: https://static-exp1.licdn.com/sc/h/6jblk5oqhlo45xbkmcr7s4zix, line 1: WEBGL_debug_renderer_info is deprecated in Firefox and will be removed. Please use RENDERER.
JavaScript warning: https://static-exp1.licdn.com/sc/h/6jblk5oqhlo45xbkmcr7s4zix, line 1: WEBGL_debug_renderer_info is deprecated in Firefox and will be removed. Please use RENDERER.
console.warn: LoginRecipes: "getRecipes: falling back to a synchronous message for:" "https://www.linkedin.com"
JavaScript error: resource://gre/modules/LoginManagerParent.jsm, line 136: TypeError: gRecipeManager is null
JavaScript warning: https://static-exp1.licdn.com/sc/h/dvcxgb23fugfm6vdmo5ymxmwg, line 6273: unreachable code after return statement
JavaScript warning: https://static-exp1.licdn.com/sc/h/e6umn1lwuah42akyjinuzj06v, line 6: unreachable code after return statement
JavaScript warning: https://static-exp1.licdn.com/sc/h/e6umn1lwuah42akyjinuzj06v, line 6: unreachable code after return statement
JavaScript warning: https://static-exp1.licdn.com/sc/h/4vrs22yl45omjnal67n03vi1c, line 6: unreachable code after return statement
JavaScript warning: https://static-exp1.licdn.com/sc/h/5rhvbk6i5rbgafytdhsfboh0e, line 6: unreachable code after return statement
JavaScript warning: https://static-exp1.licdn.com/sc/h/713twpe74fl4xx84p36anyqad, line 6: unreachable code after return statement
JavaScript warning: https://static-exp1.licdn.com/sc/h/86iggxtwbnt6wg8b2cehlgize, line 6: unreachable code after return statement
JavaScript warning: https://static-exp1.licdn.com/sc/h/dvcxgb23fugfm6vdmo5ymxmwg, line 6273: unreachable code after return statement
JavaScript warning: https://static-exp1.licdn.com/sc/h/7tc19ijeg1hdzt0rjhujy81yv, line 6: unreachable code after return statement
JavaScript warning: https://static-exp1.licdn.com/sc/h/e6umn1lwuah42akyjinuzj06v, line 6: unreachable code after return statement
JavaScript warning: https://static-exp1.licdn.com/sc/h/e6umn1lwuah42akyjinuzj06v, line 6: unreachable code after return statement
JavaScript warning: https://static-exp1.licdn.com/sc/h/ed46i4l8cgiisriy2gsysr5j, line 6: unreachable code after return statement
JavaScript warning: https://static-exp1.licdn.com/sc/h/713twpe74fl4xx84p36anyqad, line 6: unreachable code after return statement
JavaScript warning: https://static-exp1.licdn.com/sc/h/86iggxtwbnt6wg8b2cehlgize, line 6: unreachable code after return statement
JavaScript warning: https://static-exp1.licdn.com/sc/h/dvcxgb23fugfm6vdmo5ymxmwg, line 6273: unreachable code after return statement
JavaScript warning: https://static-exp1.licdn.com/sc/h/7tc19ijeg1hdzt0rjhujy81yv, line 6: unreachable code after return statement
JavaScript warning: https://static-exp1.licdn.com/sc/h/e6umn1lwuah42akyjinuzj06v, line 6: unreachable code after return statement
JavaScript warning: https://static-exp1.licdn.com/sc/h/e6umn1lwuah42akyjinuzj06v, line 6: unreachable code after return statement
JavaScript warning: https://static-exp1.licdn.com/sc/h/ed46i4l8cgiisriy2gsysr5j, line 6: unreachable code after return statement
JavaScript warning: https://static-exp1.licdn.com/sc/h/713twpe74fl4xx84p36anyqad, line 6: unreachable code after return statement
JavaScript warning: https://static-exp1.licdn.com/sc/h/86iggxtwbnt6wg8b2cehlgize, line 6: unreachable code after return statement
JavaScript error: , line 0: uncaught exception: Object
JavaScript error: , line 0: uncaught exception: Object
JavaScript error: , line 0: uncaught exception: Object
JavaScript error: , line 0: uncaught exception: Object
JavaScript error: , line 0: uncaught exception: Object
JavaScript error: , line 0: uncaught exception: Object
JavaScript warning: https://static-exp1.licdn.com/sc/h/dvcxgb23fugfm6vdmo5ymxmwg, line 6273: unreachable code after return statement
JavaScript warning: https://static-exp1.licdn.com/sc/h/7tc19ijeg1hdzt0rjhujy81yv, line 6: unreachable code after return statement
JavaScript warning: https://static-exp1.licdn.com/sc/h/e6umn1lwuah42akyjinuzj06v, line 6: unreachable code after return statement
JavaScript warning: https://static-exp1.licdn.com/sc/h/e6umn1lwuah42akyjinuzj06v, line 6: unreachable code after return statement
JavaScript warning: https://static-exp1.licdn.com/sc/h/ed46i4l8cgiisriy2gsysr5j, line 6: unreachable code after return statement
JavaScript warning: https://static-exp1.licdn.com/sc/h/713twpe74fl4xx84p36anyqad, line 6: unreachable code after return statement
JavaScript warning: https://static-exp1.licdn.com/sc/h/86iggxtwbnt6wg8b2cehlgize, line 6: unreachable code after return statement
JavaScript error: , line 0: uncaught exception: Object
JavaScript error: , line 0: uncaught exception: undefined
JavaScript warning: https://static-exp1.licdn.com/sc/h/7tc19ijeg1hdzt0rjhujy81yv, line 6: unreachable code after return statement
JavaScript warning: https://static-exp1.licdn.com/sc/h/ed46i4l8cgiisriy2gsysr5j, line 6: unreachable code after return statement
JavaScript error: , line 0: uncaught exception: Object
JavaScript error: , line 0: uncaught exception: Object
JavaScript error: , line 0: uncaught exception: Object
JavaScript error: , line 0: uncaught exception: Object
JavaScript error: , line 0: uncaught exception: Object
JavaScript error: , line 0: uncaught exception: Object
JavaScript error: , line 0: uncaught exception: Object
JavaScript error: , line 0: uncaught exception: Object
JavaScript error: , line 0: uncaught exception: Object
JavaScript error: , line 0: uncaught exception: Object
JavaScript error: , line 0: uncaught exception: Object
JavaScript error: , line 0: uncaught exception: Object
JavaScript error: , line 0: uncaught exception: Object
JavaScript error: , line 0: uncaught exception: Object
JavaScript error: , line 0: uncaught exception: undefined
JavaScript error: , line 0: uncaught exception: Object
JavaScript error: , line 0: uncaught exception: Object
JavaScript error: , line 0: uncaught exception: Object
JavaScript error: , line 0: uncaught exception: Object
JavaScript error: , line 0: uncaught exception: Object
JavaScript error: , line 0: uncaught exception: Object
1632922014311	Marionette	INFO	Stopped listening on port 57158
JavaScript error: resource:///modules/Interactions.jsm, line 230: NS_ERROR_FAILURE: Component returned failure code: 0x80004005 (NS_ERROR_FAILURE) [nsIUserIdleService.removeIdleObserver]
[Parent 11244, IPC I/O Parent] WARNING: file /builds/worker/checkouts/gecko/ipc/chromium/src/base/process_util_win.cc:167
tings file exists, new profile?" (new NotFoundError("Could not open the file at C:\\Users\\Lenovo\\AppData\\Local\\Temp\\rust_mozprofileT0OBVd\\search.json.mozlz4", (void 0)))
1632921868476	Marionette	INFO	Listening on port 55588
1632921868774	RemoteAgent	WARN	TLS certificate errors will be ignored for this session
JavaScript warning: https://static-exp1.licdn.com/sc/h/6jblk5oqhlo45xbkmcr7s4zix, line 1: WEBGL_debug_renderer_info is deprecated in Firefox and will be removed. Please use RENDERER.
JavaScript warning: https://static-exp1.licdn.com/sc/h/6jblk5oqhlo45xbkmcr7s4zix, line 1: WEBGL_debug_renderer_info is deprecated in Firefox and will be removed. Please use RENDERER.
JavaScript warning: https://static-exp1.licdn.com/sc/h/jehaalv6vyu4p2w9378icw2c, line 2: WEBGL_debug_renderer_info is deprecated in Firefox and will be removed. Please use RENDERER.
JavaScript warning: https://static-exp1.licdn.com/sc/h/6jblk5oqhlo45xbkmcr7s4zix, line 1: WEBGL_debug_renderer_info is deprecated in Firefox and will be removed. Please use RENDERER.
JavaScript warning: https://static-exp1.licdn.com/sc/h/6jblk5oqhlo45xbkmcr7s4zix, line 1: WEBGL_debug_renderer_info is deprecated in Firefox and will be removed. Please use RENDERER.
JavaScript warning: https://static-exp1.licdn.com/sc/h/dvcxgb23fugfm6vdmo5ymxmwg, line 6273: unreachable code after return statement
JavaScript warning: https://static-exp1.licdn.com/sc/h/e6umn1lwuah42akyjinuzj06v, line 6: unreachable code after return statement
JavaScript warning: https://static-exp1.licdn.com/sc/h/e6umn1lwuah42akyjinuzj06v, line 6: unreachable code after return statement
JavaScript warning: https://static-exp1.licdn.com/sc/h/4vrs22yl45omjnal67n03vi1c, line 6: unreachable code after return statement
JavaScript warning: https://static-exp1.licdn.com/sc/h/5rhvbk6i5rbgafytdhsfboh0e, line 6: unreachable code after return statement
JavaScript warning: https://static-exp1.licdn.com/sc/h/713twpe74fl4xx84p36anyqad, line 6: unreachable code after return statement
JavaScript warning: https://static-exp1.licdn.com/sc/h/86iggxtwbnt6wg8b2cehlgize, line 6: unreachable code after return statement
1632921935370	Marionette	WARN	Ignoring event 'pageshow' because document has an invalid readyState of 'uninitialized'.
JavaScript warning: https://static-exp1.licdn.com/sc/h/dvcxgb23fugfm6vdmo5ymxmwg, line 6273: unreachable code after return statement
JavaScript warning: https://static-exp1.licdn.com/sc/h/7tc19ijeg1hdzt0rjhujy81yv, line 6: unreachable code after return statement
JavaScript warning: https://static-exp1.licdn.com/sc/h/e6umn1lwuah42akyjinuzj06v, line 6: unreachable code after return statement
JavaScript warning: https://static-exp1.licdn.com/sc/h/e6umn1lwuah42akyjinuzj06v, line 6: unreachable code after return statement
JavaScript warning: https://static-exp1.licdn.com/sc/h/ed46i4l8cgiisriy2gsysr5j, line 6: unreachable code after return statement
JavaScript warning: https://static-exp1.licdn.com/sc/h/713twpe74fl4xx84p36anyqad, line 6: unreachable code after return statement
JavaScript warning: https://static-exp1.licdn.com/sc/h/86iggxtwbnt6wg8b2cehlgize, line 6: unreachable code after return statement
JavaScript error: , line 0: uncaught exception: Object
JavaScript error: , line 0: uncaught exception: Object
JavaScript warning: https://static-exp1.licdn.com/sc/h/dvcxgb23fugfm6vdmo5ymxmwg, line 6273: unreachable code after return statement
JavaScript warning: https://static-exp1.licdn.com/sc/h/7tc19ijeg1hdzt0rjhujy81yv, line 6: unreachable code after return statement
JavaScript warning: https://static-exp1.licdn.com/sc/h/e6umn1lwuah42akyjinuzj06v, line 6: unreachable code after return statement
JavaScript warning: https://static-exp1.licdn.com/sc/h/e6umn1lwuah42akyjinuzj06v, line 6: unreachable code after return statement
JavaScript warning: https://static-exp1.licdn.com/sc/h/ed46i4l8cgiisriy2gsysr5j, line 6: unreachable code after return statement
JavaScript warning: https://static-exp1.licdn.com/sc/h/713twpe74fl4xx84p36anyqad, line 6: unreachable code after return statement
JavaScript warning: https://static-exp1.licdn.com/sc/h/86iggxtwbnt6wg8b2cehlgize, line 6: unreachable code after return statement
JavaScript error: , line 0: uncaught exception: Object
JavaScript error: , line 0: uncaught exception: Object
JavaScript error: , line 0: uncaught exception: Object
JavaScript error: , line 0: uncaught exception: Object
JavaScript error: , line 0: uncaught exception: undefined
JavaScript warning: https://static-exp1.licdn.com/sc/h/dvcxgb23fugfm6vdmo5ymxmwg, line 6273: unreachable code after return statement
JavaScript warning: https://static-exp1.licdn.com/sc/h/7tc19ijeg1hdzt0rjhujy81yv, line 6: unreachable code after return statement
JavaScript warning: https://static-exp1.licdn.com/sc/h/e6umn1lwuah42akyjinuzj06v, line 6: unreachable code after return statement
JavaScript warning: https://static-exp1.licdn.com/sc/h/e6umn1lwuah42akyjinuzj06v, line 6: unreachable code after return statement
JavaScript warning: https://static-exp1.licdn.com/sc/h/ed46i4l8cgiisriy2gsysr5j, line 6: unreachable code after return statement
JavaScript warning: https://static-exp1.licdn.com/sc/h/713twpe74fl4xx84p36anyqad, line 6: unreachable code after return statement
JavaScript warning: https://static-exp1.licdn.com/sc/h/86iggxtwbnt6wg8b2cehlgize, line 6: unreachable code after return statement
JavaScript error: , line 0: uncaught exception: Object
JavaScript error: , line 0: uncaught exception: Object
JavaScript error: , line 0: uncaught exception: Object
JavaScript error: , line 0: uncaught exception: Object
JavaScript error: , line 0: uncaught exception: Object
JavaScript warning: https://static-exp1.licdn.com/sc/h/7tc19ijeg1hdzt0rjhujy81yv, line 6: unreachable code after return statement
JavaScript warning: https://static-exp1.licdn.com/sc/h/ed46i4l8cgiisriy2gsysr5j, line 6: unreachable code after return statement
JavaScript error: , line 0: uncaught exception: Object
JavaScript error: , line 0: uncaught exception: Object
JavaScript error: , line 0: uncaught exception: Object
JavaScript error: , line 0: uncaught exception: Object
JavaScript error: , line 0: uncaught exception: Object
JavaScript error: , line 0: uncaught exception: Object
JavaScript error: , line 0: uncaught exception: Object
JavaScript error: , line 0: uncaught exception: Object
JavaScript error: , line 0: uncaught exception: Object
JavaScript error: , line 0: uncaught exception: Object
JavaScript error: , line 0: uncaught exception: Object
JavaScript error: , line 0: uncaught exception: Object
JavaScript error: , line 0: uncaught exception: Object
JavaScript error: , line 0: uncaught exception: Object
JavaScript error: , line 0: uncaught exception: Object
JavaScript error: , line 0: uncaught exception: Object
JavaScript error: , line 0: uncaught exception: Object
JavaScript error: , line 0: uncaught exception: Object
JavaScript error: , line 0: uncaught exception: Object
JavaScript error: , line 0: uncaught exception: Object
JavaScript error: , line 0: uncaught exception: Object
JavaScript error: , line 0: uncaught exception: Object
JavaScript error: , line 0: uncaught exception: Object
JavaScript error: , line 0: uncaught exception: Object
JavaScript error: , line 0: uncaught exception: Object
JavaScript error: , line 0: uncaught exception: Object
JavaScript error: , line 0: uncaught exception: Object
JavaScript error: , line 0: uncaught exception: Object
1632921992450	Marionette	INFO	Stopped listening on port 55588
JavaScript error: resource:///modules/Interactions.jsm, line 230: NS_ERROR_FAILURE: Component returned failure code: 0x80004005 (NS_ERROR_FAILURE) [nsIUserIdleService.removeIdleObserver]
[Parent 24168, IPC I/O Parent] WARNING: file /builds/worker/checkouts/gecko/ipc/chromium/src/base/process_util_win.cc:167
JavaScript error: chrome://remote/content/marionette/cert.js, line 55: NS_ERROR_NOT_AVAILABLE: Component returned failure code: 0x80040111 (NS_ERROR_NOT_AVAILABLE) [nsICertOverrideService.setDisableAllSecurityChecksAndLetAttackersInterceptMyData]
[Parent 24168, IPC I/O Parent] WARNING: file /builds/worker/checkouts/gecko/ipc/chromium/src/base/process_util_win.cc:167
1632922444990	geckodriver	INFO	Listening on 127.0.0.1:61775
1632922448046	mozrunner::runner	INFO	Running command: "C:\\Program Files\\Mozilla Firefox\\firefox.exe" "--marionette" "-foreground" "-no-remote" "-profile" "C:\\Users\\Lenovo\\AppData\\Local\\Temp\\rust_mozprofileTTDry4"
1632922448673	Marionette	INFO	Marionette enabled
console.warn: SearchSettings: "get: No settings file exists, new profile?" (new NotFoundError("Could not open the file at C:\\Users\\Lenovo\\AppData\\Local\\Temp\\rust_mozprofileTTDry4\\search.json.mozlz4", (void 0)))
1632922451488	Marionette	INFO	Listening on port 61783
1632922451739	RemoteAgent	WARN	TLS certificate errors will be ignored for this session
JavaScript warning: https://static-exp1.licdn.com/sc/h/6jblk5oqhlo45xbkmcr7s4zix, line 1: WEBGL_debug_renderer_info is deprecated in Firefox and will be removed. Please use RENDERER.
JavaScript warning: https://static-exp1.licdn.com/sc/h/6jblk5oqhlo45xbkmcr7s4zix, line 1: WEBGL_debug_renderer_info is deprecated in Firefox and will be removed. Please use RENDERER.
JavaScript warning: https://static-exp1.licdn.com/sc/h/jehaalv6vyu4p2w9378icw2c, line 2: WEBGL_debug_renderer_info is deprecated in Firefox and will be removed. Please use RENDERER.
JavaScript warning: https://static-exp1.licdn.com/sc/h/6jblk5oqhlo45xbkmcr7s4zix, line 1: WEBGL_debug_renderer_info is deprecated in Firefox and will be removed. Please use RENDERER.
JavaScript warning: https://static-exp1.licdn.com/sc/h/6jblk5oqhlo45xbkmcr7s4zix, line 1: WEBGL_debug_renderer_info is deprecated in Firefox and will be removed. Please use RENDERER.
JavaScript warning: https://static-exp1.licdn.com/sc/h/dvcxgb23fugfm6vdmo5ymxmwg, line 6273: unreachable code after return statement
JavaScript warning: https://static-exp1.licdn.com/sc/h/e6umn1lwuah42akyjinuzj06v, line 6: unreachable code after return statement
JavaScript warning: https://static-exp1.licdn.com/sc/h/e6umn1lwuah42akyjinuzj06v, line 6: unreachable code after return statement
JavaScript warning: https://static-exp1.licdn.com/sc/h/4vrs22yl45omjnal67n03vi1c, line 6: unreachable code after return statement
JavaScript warning: https://static-exp1.licdn.com/sc/h/5rhvbk6i5rbgafytdhsfboh0e, line 6: unreachable code after return statement
JavaScript warning: https://static-exp1.licdn.com/sc/h/713twpe74fl4xx84p36anyqad, line 6: unreachable code after return statement
JavaScript warning: https://static-exp1.licdn.com/sc/h/86iggxtwbnt6wg8b2cehlgize, line 6: unreachable code after return statement
1632922492601	Marionette	WARN	Ignoring event 'pageshow' because document has an invalid readyState of 'uninitialized'.
JavaScript warning: https://static-exp1.licdn.com/sc/h/dvcxgb23fugfm6vdmo5ymxmwg, line 6273: unreachable code after return statement
JavaScript warning: https://static-exp1.licdn.com/sc/h/e6umn1lwuah42akyjinuzj06v, line 6: unreachable code after return statement
JavaScript warning: https://static-exp1.licdn.com/sc/h/e6umn1lwuah42akyjinuzj06v, line 6: unreachable code after return statement
JavaScript warning: https://static-exp1.licdn.com/sc/h/4vrs22yl45omjnal67n03vi1c, line 6: unreachable code after return statement
JavaScript warning: https://static-exp1.licdn.com/sc/h/5rhvbk6i5rbgafytdhsfboh0e, line 6: unreachable code after return statement
JavaScript warning: https://static-exp1.licdn.com/sc/h/713twpe74fl4xx84p36anyqad, line 6: unreachable code after return statement
JavaScript warning: https://static-exp1.licdn.com/sc/h/86iggxtwbnt6wg8b2cehlgize, line 6: unreachable code after return statement
JavaScript error: , line 0: uncaught exception: Object
JavaScript warning: https://static-exp1.licdn.com/sc/h/dvcxgb23fugfm6vdmo5ymxmwg, line 6273: unreachable code after return statement
JavaScript warning: https://static-exp1.licdn.com/sc/h/7tc19ijeg1hdzt0rjhujy81yv, line 6: unreachable code after return statement
JavaScript warning: https://static-exp1.licdn.com/sc/h/e6umn1lwuah42akyjinuzj06v, line 6: unreachable code after return statement
JavaScript warning: https://static-exp1.licdn.com/sc/h/e6umn1lwuah42akyjinuzj06v, line 6: unreachable code after return statement
JavaScript warning: https://static-exp1.licdn.com/sc/h/ed46i4l8cgiisriy2gsysr5j, line 6: unreachable code after return statement
JavaScript warning: https://static-exp1.licdn.com/sc/h/713twpe74fl4xx84p36anyqad, line 6: unreachable code after return statement
JavaScript warning: https://static-exp1.licdn.com/sc/h/86iggxtwbnt6wg8b2cehlgize, line 6: unreachable code after return statement
JavaScript warning: https://static-exp1.licdn.com/sc/h/dvcxgb23fugfm6vdmo5ymxmwg, line 6273: unreachable code after return statement
JavaScript warning: https://static-exp1.licdn.com/sc/h/7tc19ijeg1hdzt0rjhujy81yv, line 6: unreachable code after return statement
JavaScript warning: https://static-exp1.licdn.com/sc/h/e6umn1lwuah42akyjinuzj06v, line 6: unreachable code after return statement
JavaScript warning: https://static-exp1.licdn.com/sc/h/e6umn1lwuah42akyjinuzj06v, line 6: unreachable code after return statement
JavaScript warning: https://static-exp1.licdn.com/sc/h/ed46i4l8cgiisriy2gsysr5j, line 6: unreachable code after return statement
JavaScript warning: https://static-exp1.licdn.com/sc/h/713twpe74fl4xx84p36anyqad, line 6: unreachable code after return statement
JavaScript warning: https://static-exp1.licdn.com/sc/h/86iggxtwbnt6wg8b2cehlgize, line 6: unreachable code after return statement
1632922639222	Marionette	INFO	Stopped listening on port 61783
JavaScript error: resource:///modules/Interactions.jsm, line 230: NS_ERROR_FAILURE: Component returned failure code: 0x80004005 (NS_ERROR_FAILURE) [nsIUserIdleService.removeIdleObserver]
[Parent 26720, IPC I/O Parent] WARNING: file /builds/worker/checkouts/gecko/ipc/chromium/src/base/process_util_win.cc:167
1632922998790	geckodriver	INFO	Listening on 127.0.0.1:65042
1632923001853	mozrunner::runner	INFO	Running command: "C:\\Program Files\\Mozilla Firefox\\firefox.exe" "--marionette" "-foreground" "-no-remote" "-profile" "C:\\Users\\Lenovo\\AppData\\Local\\Temp\\rust_mozprofileQ5mk4l"
1632923002376	Marionette	INFO	Marionette enabled
console.warn: SearchSettings: "get: No settings file exists, new profile?" (new NotFoundError("Could not open the file at C:\\Users\\Lenovo\\AppData\\Local\\Temp\\rust_mozprofileQ5mk4l\\search.json.mozlz4", (void 0)))
1632923004999	Marionette	INFO	Listening on port 65050
1632923005033	RemoteAgent	WARN	TLS certificate errors will be ignored for this session
JavaScript warning: https://static-exp1.licdn.com/sc/h/6jblk5oqhlo45xbkmcr7s4zix, line 1: WEBGL_debug_renderer_info is deprecated in Firefox and will be removed. Please use RENDERER.
JavaScript warning: https://static-exp1.licdn.com/sc/h/6jblk5oqhlo45xbkmcr7s4zix, line 1: WEBGL_debug_renderer_info is deprecated in Firefox and will be removed. Please use RENDERER.
JavaScript warning: https://static-exp1.licdn.com/sc/h/jehaalv6vyu4p2w9378icw2c, line 2: WEBGL_debug_renderer_info is deprecated in Firefox and will be removed. Please use RENDERER.
JavaScript warning: https://static-exp1.licdn.com/sc/h/3eegd351mum9xbgjpuuth8f88, line 5061: unreachable code after return statement
JavaScript warning: https://static-exp1.licdn.com/sc/h/dvcxgb23fugfm6vdmo5ymxmwg, line 6273: unreachable code after return statement
JavaScript warning: https://static-exp1.licdn.com/sc/h/e6umn1lwuah42akyjinuzj06v, line 6: unreachable code after return statement
JavaScript warning: https://static-exp1.licdn.com/sc/h/e6umn1lwuah42akyjinuzj06v, line 6: unreachable code after return statement
JavaScript warning: https://static-exp1.licdn.com/sc/h/4vrs22yl45omjnal67n03vi1c, line 6: unreachable code after return statement
JavaScript warning: https://static-exp1.licdn.com/sc/h/5rhvbk6i5rbgafytdhsfboh0e, line 6: unreachable code after return statement
JavaScript warning: https://static-exp1.licdn.com/sc/h/713twpe74fl4xx84p36anyqad, line 6: unreachable code after return statement
JavaScript warning: https://static-exp1.licdn.com/sc/h/86iggxtwbnt6wg8b2cehlgize, line 6: unreachable code after return statement
JavaScript warning: https://static-exp1.licdn.com/sc/h/b3xxmb8h6ia0k489c361m7lus, line 6: unreachable code after return statement
JavaScript warning: https://static-exp1.licdn.com/sc/h/6v7g9izmo6enw0l21cad2luod, line 6: unreachable code after return statement
JavaScript warning: https://static-exp1.licdn.com/sc/h/ed46i4l8cgiisriy2gsysr5j, line 6: unreachable code after return statement
JavaScript warning: https://static-exp1.licdn.com/sc/h/dmegrmt37cwnc6qykxvzpo7sl, line 6: unreachable code after return statement
JavaScript warning: https://static-exp1.licdn.com/sc/h/ccqoph922rnu9jkddmtlapw5h, line 6: unreachable code after return statement
JavaScript warning: https://static-exp1.licdn.com/sc/h/dvcxgb23fugfm6vdmo5ymxmwg, line 6273: unreachable code after return statement
JavaScript warning: https://static-exp1.licdn.com/sc/h/7tc19ijeg1hdzt0rjhujy81yv, line 6: unreachable code after return statement
JavaScript warning: https://static-exp1.licdn.com/sc/h/e6umn1lwuah42akyjinuzj06v, line 6: unreachable code after return statement
JavaScript warning: https://static-exp1.licdn.com/sc/h/e6umn1lwuah42akyjinuzj06v, line 6: unreachable code after return statement
JavaScript warning: https://static-exp1.licdn.com/sc/h/ed46i4l8cgiisriy2gsysr5j, line 6: unreachable code after return statement
JavaScript warning: https://static-exp1.licdn.com/sc/h/713twpe74fl4xx84p36anyqad, line 6: unreachable code after return statement
JavaScript warning: https://static-exp1.licdn.com/sc/h/86iggxtwbnt6wg8b2cehlgize, line 6: unreachable code after return statement
JavaScript warning: https://static-exp1.licdn.com/sc/h/7k7scgpdrup8565kj2cug6nmf, line 6: unreachable code after return statement
JavaScript warning: https://static-exp1.licdn.com/sc/h/dmegrmt37cwnc6qykxvzpo7sl, line 6: unreachable code after return statement
JavaScript warning: https://static-exp1.licdn.com/sc/h/ccqoph922rnu9jkddmtlapw5h, line 6: unreachable code after return statement
JavaScript warning: https://static-exp1.licdn.com/sc/h/bi38boy46r01cw7pdw5h5zqgw, line 6: unreachable code after return statement
JavaScript warning: https://static-exp1.licdn.com/sc/h/dvcxgb23fugfm6vdmo5ymxmwg, line 6273: unreachable code after return statement
JavaScript warning: https://static-exp1.licdn.com/sc/h/7tc19ijeg1hdzt0rjhujy81yv, line 6: unreachable code after return statement
JavaScript warning: https://static-exp1.licdn.com/sc/h/e6umn1lwuah42akyjinuzj06v, line 6: unreachable code after return statement
JavaScript warning: https://static-exp1.licdn.com/sc/h/e6umn1lwuah42akyjinuzj06v, line 6: unreachable code after return statement
JavaScript warning: https://static-exp1.licdn.com/sc/h/ed46i4l8cgiisriy2gsysr5j, line 6: unreachable code after return statement
JavaScript warning: https://static-exp1.licdn.com/sc/h/713twpe74fl4xx84p36anyqad, line 6: unreachable code after return statement
JavaScript warning: https://static-exp1.licdn.com/sc/h/86iggxtwbnt6wg8b2cehlgize, line 6: unreachable code after return statement
JavaScript error: , line 0: uncaught exception: Object
JavaScript error: , line 0: uncaught exception: Object
JavaScript error: , line 0: uncaught exception: Object
JavaScript warning: https://static-exp1.licdn.com/sc/h/dvcxgb23fugfm6vdmo5ymxmwg, line 6273: unreachable code after return statement
JavaScript warning: https://static-exp1.licdn.com/sc/h/7tc19ijeg1hdzt0rjhujy81yv, line 6: unreachable code after return statement
JavaScript warning: https://static-exp1.licdn.com/sc/h/e6umn1lwuah42akyjinuzj06v, line 6: unreachable code after return statement
JavaScript warning: https://static-exp1.licdn.com/sc/h/e6umn1lwuah42akyjinuzj06v, line 6: unreachable code after return statement
JavaScript warning: https://static-exp1.licdn.com/sc/h/ed46i4l8cgiisriy2gsysr5j, line 6: unreachable code after return statement
JavaScript warning: https://static-exp1.licdn.com/sc/h/713twpe74fl4xx84p36anyqad, line 6: unreachable code after return statement
JavaScript warning: https://static-exp1.licdn.com/sc/h/86iggxtwbnt6wg8b2cehlgize, line 6: unreachable code after return statement
JavaScript error: , line 0: uncaught exception: Object
JavaScript warning: https://static-exp1.licdn.com/sc/h/dvcxgb23fugfm6vdmo5ymxmwg, line 6273: unreachable code after return statement
JavaScript warning: https://static-exp1.licdn.com/sc/h/7tc19ijeg1hdzt0rjhujy81yv, line 6: unreachable code after return statement
JavaScript warning: https://static-exp1.licdn.com/sc/h/e6umn1lwuah42akyjinuzj06v, line 6: unreachable code after return statement
JavaScript warning: https://static-exp1.licdn.com/sc/h/e6umn1lwuah42akyjinuzj06v, line 6: unreachable code after return statement
JavaScript warning: https://static-exp1.licdn.com/sc/h/ed46i4l8cgiisriy2gsysr5j, line 6: unreachable code after return statement
JavaScript warning: https://static-exp1.licdn.com/sc/h/713twpe74fl4xx84p36anyqad, line 6: unreachable code after return statement
JavaScript warning: https://static-exp1.licdn.com/sc/h/86iggxtwbnt6wg8b2cehlgize, line 6: unreachable code after return statement
JavaScript warning: https://static-exp1.licdn.com/sc/h/7k7scgpdrup8565kj2cug6nmf, line 6: unreachable code after return statement
JavaScript warning: https://static-exp1.licdn.com/sc/h/dmegrmt37cwnc6qykxvzpo7sl, line 6: unreachable code after return statement
JavaScript warning: https://static-exp1.licdn.com/sc/h/ccqoph922rnu9jkddmtlapw5h, line 6: unreachable code after return statement
JavaScript warning: https://static-exp1.licdn.com/sc/h/bi38boy46r01cw7pdw5h5zqgw, line 6: unreachable code after return statement
JavaScript warning: https://static-exp1.licdn.com/sc/h/7k7scgpdrup8565kj2cug6nmf, line 6: unreachable code after return statement
JavaScript warning: https://static-exp1.licdn.com/sc/h/dmegrmt37cwnc6qykxvzpo7sl, line 6: unreachable code after return statement
JavaScript warning: https://static-exp1.licdn.com/sc/h/ccqoph922rnu9jkddmtlapw5h, line 6: unreachable code after return statement
JavaScript warning: https://static-exp1.licdn.com/sc/h/bi38boy46r01cw7pdw5h5zqgw, line 6: unreachable code after return statement
JavaScript error: , line 0: NotFoundError: No such JSWindowActor 'MarionetteEvents'
JavaScript error: , line 0: NotFoundError: No such JSWindowActor 'MarionetteEvents'
JavaScript error: , line 0: NotFoundError: No such JSWindowActor 'MarionetteEvents'
JavaScript error: , line 0: NotFoundError: No such JSWindowActor 'MarionetteEvents'
JavaScript error: , line 0: NotFoundError: No such JSWindowActor 'MarionetteEvents'
JavaScript error: , line 0: NotFoundError: No such JSWindowActor 'MarionetteEvents'
JavaScript error: , line 0: uncaught exception: Object
JavaScript error: , line 0: uncaught exception: Object
JavaScript error: , line 0: uncaught exception: Object
JavaScript error: , line 0: uncaught exception: Object
JavaScript warning: https://static-exp1.licdn.com/sc/h/7k7scgpdrup8565kj2cug6nmf, line 6: unreachable code after return statement
JavaScript warning: https://static-exp1.licdn.com/sc/h/bi38boy46r01cw7pdw5h5zqgw, line 6: unreachable code after return statement
JavaScript warning: https://static-exp1.licdn.com/sc/h/4vrs22yl45omjnal67n03vi1c, line 6: unreachable code after return statement
JavaScript warning: https://static-exp1.licdn.com/sc/h/5rhvbk6i5rbgafytdhsfboh0e, line 6: unreachable code after return statement
JavaScript warning: https://static-exp1.licdn.com/sc/h/b3xxmb8h6ia0k489c361m7lus, line 6: unreachable code after return statement
JavaScript warning: https://static-exp1.licdn.com/sc/h/6v7g9izmo6enw0l21cad2luod, line 6: unreachable code after return statement
1632923109289	Marionette	INFO	Stopped listening on port 65051632923110557	mozrunner::runner	INFO	Running command: "C:\\Program Files\\Mozilla Firefox\\firefox.exe" "--marionette" "-foreground" "-no-remote" "-profile" "C:\\Users\\Lenovo\\AppData\\Local\\Temp\\rust_mozprofileIkrYcn"
1632923111016	Marionette	INFO	Marionette enabled
console.warn: SearchSettings: "get: No settings file exists, new profile?" (new NotFoundError("Could not open the file at C:\\Users\\Lenovo\\AppData\\Local\\Temp\\rust_mozprofileIkrYcn\\search.json.mozlz4", (void 0)))
1632923113450	Marionette	INFO	Listening on port 49782
1632923113747	RemoteAgent	WARN	TLS certificate errors will be ignored for this session
JavaScript warning: https://static-exp1.licdn.com/sc/h/6jblk5oqhlo45xbkmcr7s4zix, line 1: WEBGL_debug_renderer_info is deprecated in Firefox and will be removed. Please use RENDERER.
JavaScript warning: https://static-exp1.licdn.com/sc/h/6jblk5oqhlo45xbkmcr7s4zix, line 1: WEBGL_debug_renderer_info is deprecated in Firefox and will be removed. Please use RENDERER.
JavaScript warning: https://static-exp1.licdn.com/sc/h/jehaalv6vyu4p2w9378icw2c, line 2: WEBGL_debug_renderer_info is deprecated in Firefox and will be removed. Please use RENDERER.
JavaScript warning: https://static-exp1.licdn.com/sc/h/6jblk5oqhlo45xbkmcr7s4zix, line 1: WEBGL_debug_renderer_info is deprecated in Firefox and will be removed. Please use RENDERER.
JavaScript warning: https://static-exp1.licdn.com/sc/h/6jblk5oqhlo45xbkmcr7s4zix, line 1: WEBGL_debug_renderer_info is deprecated in Firefox and will be removed. Please use RENDERER.
JavaScript warning: https://static-exp1.licdn.com/sc/h/dvcxgb23fugfm6vdmo5ymxmwg, line 6273: unreachable code after return statement
JavaScript warning: https://static-exp1.licdn.com/sc/h/e6umn1lwuah42akyjinuzj06v, line 6: unreachable code after return statement
JavaScript warning: https://static-exp1.licdn.com/sc/h/e6umn1lwuah42akyjinuzj06v, line 6: unreachable code after return statement
JavaScript warning: https://static-exp1.licdn.com/sc/h/4vrs22yl45omjnal67n03vi1c, line 6: unreachable code after return statement
JavaScript warning: https://static-exp1.licdn.com/sc/h/5rhvbk6i5rbgafytdhsfboh0e, line 6: unreachable code after return statement
JavaScript warning: https://static-exp1.licdn.com/sc/h/713twpe74fl4xx84p36anyqad, line 6: unreachable code after return statement
JavaScript warning: https://static-exp1.licdn.com/sc/h/86iggxtwbnt6wg8b2cehlgize, line 6: unreachable code after return statement
JavaScript warning: https://static-exp1.licdn.com/sc/h/b3xxmb8h6ia0k489c361m7lus, line 6: unreachable code after return statement
JavaScript warning: https://static-exp1.licdn.com/sc/h/6v7g9izmo6enw0l21cad2luod, line 6: unreachable code after return statement
JavaScript warning: https://static-exp1.licdn.com/sc/h/ed46i4l8cgiisriy2gsysr5j, line 6: unreachable code after return statement
JavaScript warning: https://static-exp1.licdn.com/sc/h/dmegrmt37cwnc6qykxvzpo7sl, line 6: unreachable code after return statement
JavaScript warning: https://static-exp1.licdn.com/sc/h/ccqoph922rnu9jkddmtlapw5h, line 6: unreachable code after return statement
JavaScript warning: https://static-exp1.licdn.com/sc/h/dvcxgb23fugfm6vdmo5ymxmwg, line 6273: unreachable code after return statement
JavaScript warning: https://static-exp1.licdn.com/sc/h/7tc19ijeg1hdzt0rjhujy81yv, line 6: unreachable code after return statement
JavaScript warning: https://static-exp1.licdn.com/sc/h/e6umn1lwuah42akyjinuzj06v, line 6: unreachable code after return statement
JavaScript warning: https://static-exp1.licdn.com/sc/h/e6umn1lwuah42akyjinuzj06v, line 6: unreachable code after return statement
JavaScript warning: https://static-exp1.licdn.com/sc/h/ed46i4l8cgiisriy2gsysr5j, line 6: unreachable code after return statement
JavaScript warning: https://static-exp1.licdn.com/sc/h/713twpe74fl4xx84p36anyqad, line 6: unreachable code after return statement
JavaScript warning: https://static-exp1.licdn.com/sc/h/86iggxtwbnt6wg8b2cehlgize, line 6: unreachable code after return statement
JavaScript warning: https://static-exp1.licdn.com/sc/h/7k7scgpdrup8565kj2cug6nmf, line 6: unreachable code after return statement
JavaScript warning: https://static-exp1.licdn.com/sc/h/dmegrmt37cwnc6qykxvzpo7sl, line 6: unreachable code after return statement
JavaScript warning: https://static-exp1.licdn.com/sc/h/ccqoph922rnu9jkddmtlapw5h, line 6: unreachable code after return statement
JavaScript warning: https://static-exp1.licdn.com/sc/h/bi38boy46r01cw7pdw5h5zqgw, line 6: unreachable code after return statement
JavaScript warning: https://static-exp1.licdn.com/sc/h/dvcxgb23fugfm6vdmo5ymxmwg, line 6273: unreachable code after return statement
JavaScript warning: https://static-exp1.licdn.com/sc/h/7tc19ijeg1hdzt0rjhujy81yv, line 6: unreachable code after return statement
JavaScript warning: https://static-exp1.licdn.com/sc/h/e6umn1lwuah42akyjinuzj06v, line 6: unreachable code after return statement
JavaScript warning: https://static-exp1.licdn.com/sc/h/e6umn1lwuah42akyjinuzj06v, line 6: unreachable code after return statement
JavaScript warning: https://static-exp1.licdn.com/sc/h/ed46i4l8cgiisriy2gsysr5j, line 6: unreachable code after return statement
JavaScript warning: https://static-exp1.licdn.com/sc/h/713twpe74fl4xx84p36anyqad, line 6: unreachable code after return statement
JavaScript warning: https://static-exp1.licdn.com/sc/h/86iggxtwbnt6wg8b2cehlgize, line 6: unreachable code after return statement
JavaScript warning: https://static-exp1.licdn.com/sc/h/7k7scgpdrup8565kj2cug6nmf, line 6: unreachable code after return statement
JavaScript warning: https://static-exp1.licdn.com/sc/h/dmegrmt37cwnc6qykxvzpo7sl, line 6: unreachable code after return statement
JavaScript warning: https://static-exp1.licdn.com/sc/h/ccqoph922rnu9jkddmtlapw5h, line 6: unreachable code after return statement
JavaScript warning: https://static-exp1.licdn.com/sc/h/bi38boy46r01cw7pdw5h5zqgw, line 6: unreachable code after return statement
JavaScript warning: https://static-exp1.licdn.com/sc/h/dvcxgb23fugfm6vdmo5ymxmwg, line 6273: unreachable code after return statement
JavaScript warning: https://static-exp1.licdn.com/sc/h/7tc19ijeg1hdzt0rjhujy81yv, line 6: unreachable code after return statement
JavaScript warning: https://static-exp1.licdn.com/sc/h/e6umn1lwuah42akyjinuzj06v, line 6: unreachable code after return statement
JavaScript warning: https://static-exp1.licdn.com/sc/h/e6umn1lwuah42akyjinuzj06v, line 6: unreachable code after return statement
JavaScript warning: https://static-exp1.licdn.com/sc/h/ed46i4l8cgiisriy2gsysr5j, line 6: unreachable code after return statement
JavaScript warning: https://static-exp1.licdn.com/sc/h/713twpe74fl4xx84p36anyqad, line 6: unreachable code after return statement
JavaScript warning: https://static-exp1.licdn.com/sc/h/86iggxtwbnt6wg8b2cehlgize, line 6: unreachable code after return statement
JavaScript error: , line 0: uncaught exception: Object
JavaScript warning: https://static-exp1.licdn.com/sc/h/7tc19ijeg1hdzt0rjhujy81yv, line 6: unreachable code after return statement
JavaScript warning: https://static-exp1.licdn.com/sc/h/7k7scgpdrup8565kj2cug6nmf, line 6: unreachable code after return statement
JavaScript warning: https://static-exp1.licdn.com/sc/h/dmegrmt37cwnc6qykxvzpo7sl, line 6: unreachable code after return statement
JavaScript warning: https://static-exp1.licdn.com/sc/h/ccqoph922rnu9jkddmtlapw5h, line 6: unreachable code after return statement
JavaScript warning: https://static-exp1.licdn.com/sc/h/bi38boy46r01cw7pdw5h5zqgw, line 6: unreachable code after return statement
JavaScript warning: https://static-exp1.licdn.com/sc/h/7k7scgpdrup8565kj2cug6nmf, line 6: unreachable code after return statement
JavaScript warning: https://static-exp1.licdn.com/sc/h/bi38boy46r01cw7pdw5h5zqgw, line 6: unreachable code after return statement
1632923178968	Marionette	INFO	Stopped listening on port 49782
JavaScript error: resource:///modules/Interactions.jsm, line 230: NS_ERROR_FAILURE: Component returned failure code: 0x80004005 (NS_ERROR_FAILURE) [nsIUserIdleService.removeIdleObserver]
JavaScript error: chrome://remote/content/marionette/cert.js, line 55: NS_ERROR_NOT_AVAILABLE: Component returned failure code: 0x80040111 (NS_ERROR_NOT_AVAILABLE) [nsICertOverrideService.setDisableAllSecurityChecksAndLetAttackersInterceptMyData]
JavaScript error: resource:///modules/FaviconLoader.jsm, line 596: InvalidStateError: JSWindowActorChild.sendAsyncMessage: JSWindowActorChild cannot send at the moment
JavaScript error: resource:///modules/FaviconLoader.jsm, line 596: InvalidStateError: JSWindowActorChild.sendAsyncMessage: JSWindowActorChild cannot send at the moment
JavaScript error: chrome://remote/content/marionette/driver.js, line 2134: NS_ERROR_ILLEGAL_VALUE: Component returned failure code: 0x80070057 (NS_ERROR_ILLEGAL_VALUE) [nsIObserverService.removeObserver]

###!!! [Parent][RunMessage] Error: Channel closing: too late to send/recv, messages will be lost

1632926536532	geckodriver	INFO	Listening on 127.0.0.1:55891
1632926539609	mozrunner::runner	INFO	Running command: "C:\\Program Files\\Mozilla Firefox\\firefox.exe" "--marionette" "-foreground" "-no-remote" "-profile" "C:\\Users\\Lenovo\\AppData\\Local\\Temp\\rust_mozprofileiWlOiL"
1632926540091	Marionette	INFO	Marionette enabled
console.warn: SearchSettings: "get: No settings file exists, new profile?" (new NotFoundError("Could not open the file at C:\\Users\\Lenovo\\AppData\\Local\\Temp\\rust_mozprofileiWlOiL\\search.json.mozlz4", (void 0)))
1632926542650	Marionette	INFO	Listening on port 55901
1632926542796	RemoteAgent	WARN	TLS certificate errors will be ignored for this session
JavaScript warning: https://static-exp1.licdn.com/sc/h/6jblk5oqhlo45xbkmcr7s4zix, line 1: WEBGL_debug_renderer_info is deprecated in Firefox and will be removed. Please use RENDERER.
JavaScript warning: https://static-exp1.licdn.com/sc/h/6jblk5oqhlo45xbkmcr7s4zix, line 1: WEBGL_debug_renderer_info is deprecated in Firefox and will be removed. Please use RENDERER.
JavaScript warning: https://static-exp1.licdn.com/sc/h/jehaalv6vyu4p2w9378icw2c, line 2: WEBGL_debug_renderer_info is deprecated in Firefox and will be removed. Please use RENDERER.
JavaScript warning: https://static-exp1.licdn.com/sc/h/6jblk5oqhlo45xbkmcr7s4zix, line 1: WEBGL_debug_renderer_info is deprecated in Firefox and will be removed. Please use RENDERER.
JavaScript warning: https://static-exp1.licdn.com/sc/h/6jblk5oqhlo45xbkmcr7s4zix, line 1: WEBGL_debug_renderer_info is deprecated in Firefox and will be removed. Please use RENDERER.
JavaScript warning: https://static-exp1.licdn.com/sc/h/dvcxgb23fugfm6vdmo5ymxmwg, line 6273: unreachable code after return statement
JavaScript warning: https://static-exp1.licdn.com/sc/h/e6umn1lwuah42akyjinuzj06v, line 6: unreachable code after return statement
JavaScript warning: https://static-exp1.licdn.com/sc/h/e6umn1lwuah42akyjinuzj06v, line 6: unreachable code after return statement
JavaScript warning: https://static-exp1.licdn.com/sc/h/4vrs22yl45omjnal67n03vi1c, line 6: unreachable code after return statement
JavaScript warning: https://static-exp1.licdn.com/sc/h/5rhvbk6i5rbgafytdhsfboh0e, line 6: unreachable code after return statement
JavaScript warning: https://static-exp1.licdn.com/sc/h/713twpe74fl4xx84p36anyqad, line 6: unreachable code after return statement
JavaScript warning: https://static-exp1.licdn.com/sc/h/86iggxtwbnt6wg8b2cehlgize, line 6: unreachable code after return statement
JavaScript warning: https://static-exp1.licdn.com/sc/h/b3xxmb8h6ia0k489c361m7lus, line 6: unreachable code after return statement
JavaScript warning: https://static-exp1.licdn.com/sc/h/6v7g9izmo6enw0l21cad2luod, line 6: unreachable code after return statement
JavaScript warning: https://static-exp1.licdn.com/sc/h/ed46i4l8cgiisriy2gsysr5j, line 6: unreachable code after return statement
JavaScript warning: https://static-exp1.licdn.com/sc/h/dmegrmt37cwnc6qykxvzpo7sl, line 6: unreachable code after return statement
JavaScript warning: https://static-exp1.licdn.com/sc/h/ccqoph922rnu9jkddmtlapw5h, line 6: unreachable code after return statement
1632926588574	Marionette	INFO	Stopped listening on port 55901
JavaScript error: resource:///modules/Interactions.jsm, line 230: NS_ERROR_FAILURE: Component returned failure code: 0x80004005 (NS_ERROR_FAILURE) [nsIUserIdleService.removeIdleObserver]

###!!! [Parent][RunMessage] Error: Channel closing: too late to send/recv, messages will be lost

1632926689423	geckodriver	INFO	Listening on 127.0.0.1:53603
1632926692482	mozrunner::runner	INFO	Running command: "C:\\Program Files\\Mozilla Firefox\\firefox.exe" "--marionette" "-foreground" "-no-remote" "-profile" "C:\\Users\\Lenovo\\AppData\\Local\\Temp\\rust_mozprofileUbQPby"
1632926692902	Marionette	INFO	Marionette enabled
console.warn: SearchSettings: "get: No settings file exists, new profile?" (new NotFoundError("Could not open the file at C:\\Users\\Lenovo\\AppData\\Local\\Temp\\rust_mozprofileUbQPby\\search.json.mozlz4", (void 0)))
1632926695245	Marionette	INFO	Listening on port 53611
1632926695677	RemoteAgent	WARN	TLS certificate errors will be ignored for this session
JavaScript warning: https://static-exp1.licdn.com/sc/h/6jblk5oqhlo45xbkmcr7s4zix, line 1: WEBGL_debug_renderer_info is deprecated in Firefox and will be removed. Please use RENDERER.
JavaScript warning: https://static-exp1.licdn.com/sc/h/6jblk5oqhlo45xbkmcr7s4zix, line 1: WEBGL_debug_renderer_info is deprecated in Firefox and will be removed. Please use RENDERER.
JavaScript warning: https://static-exp1.licdn.com/sc/h/jehaalv6vyu4p2w9378icw2c, line 2: WEBGL_debug_renderer_info is deprecated in Firefox and will be removed. Please use RENDERER.
JavaScript warning: https://static-exp1.licdn.com/sc/h/6jblk5oqhlo45xbkmcr7s4zix, line 1: WEBGL_debug_renderer_info is deprecated in Firefox and will be removed. Please use RENDERER.
JavaScript warning: https://static-exp1.licdn.com/sc/h/6jblk5oqhlo45xbkmcr7s4zix, line 1: WEBGL_debug_renderer_info is deprecated in Firefox and will be removed. Please use RENDERER.
JavaScript warning: https://static-exp1.licdn.com/sc/h/dvcxgb23fugfm6vdmo5ymxmwg, line 6273: unreachable code after return statement
JavaScript warning: https://static-exp1.licdn.com/sc/h/e6umn1lwuah42akyjinuzj06v, line 6: unreachable code after return statement
JavaScript warning: https://static-exp1.licdn.com/sc/h/e6umn1lwuah42akyjinuzj06v, line 6: unreachable code after return statement
JavaScript warning: https://static-exp1.licdn.com/sc/h/4vrs22yl45omjnal67n03vi1c, line 6: unreachable code after return statement
JavaScript warning: https://static-exp1.licdn.com/sc/h/5rhvbk6i5rbgafytdhsfboh0e, line 6: unreachable code after return statement
JavaScript warning: https://static-exp1.licdn.com/sc/h/713twpe74fl4xx84p36anyqad, line 6: unreachable code after return statement
JavaScript warning: https://static-exp1.licdn.com/sc/h/86iggxtwbnt6wg8b2cehlgize, line 6: unreachable code after return statement
JavaScript error: , line 0: NotFoundError: No such JSWindowActor 'MarionetteEvents'
JavaScript warning: https://static-exp1.licdn.com/sc/h/b3xxmb8h6ia0k489c361m7lus, line 6: unreachable code after return statement
JavaScript warning: https://static-exp1.licdn.com/sc/h/6v7g9izmo6enw0l21cad2luod, line 6: unreachable code after return statement
JavaScript warning: https://static-exp1.licdn.com/sc/h/ed46i4l8cgiisriy2gsysr5j, line 6: unreachable code after return statement
JavaScript warning: https://static-exp1.licdn.com/sc/h/dmegrmt37cwnc6qykxvzpo7sl, line 6: unreachable code after return statement
JavaScript warning: https://static-exp1.licdn.com/sc/h/ccqoph922rnu9jkddmtlapw5h, line 6: unreachable code after return statement
JavaScript warning: https://static-exp1.licdn.com/sc/h/dvcxgb23fugfm6vdmo5ymxmwg, line 6273: unreachable code after return statement
JavaScript warning: https://static-exp1.licdn.com/sc/h/7tc19ijeg1hdzt0rjhujy81yv, line 6: unreachable code after return statement
JavaScript warning: https://static-exp1.licdn.com/sc/h/e6umn1lwuah42akyjinuzj06v, line 6: unreachable code after return statement
JavaScript warning: https://static-exp1.licdn.com/sc/h/e6umn1lwuah42akyjinuzj06v, line 6: unreachable code after return statement
JavaScript warning: https://static-exp1.licdn.com/sc/h/ed46i4l8cgiisriy2gsysr5j, line 6: unreachable code after return statement
JavaScript warning: https://static-exp1.licdn.com/sc/h/713twpe74fl4xx84p36anyqad, line 6: unreachable code after return statement
JavaScript warning: https://static-exp1.licdn.com/sc/h/86iggxtwbnt6wg8b2cehlgize, line 6: unreachable code after return statement
JavaScript warning: https://static-exp1.licdn.com/sc/h/7k7scgpdrup8565kj2cug6nmf, line 6: unreachable code after return statement
JavaScript warning: https://static-exp1.licdn.com/sc/h/dmegrmt37cwnc6qykxvzpo7sl, line 6: unreachable code after return statement
JavaScript warning: https://static-exp1.licdn.com/sc/h/ccqoph922rnu9jkddmtlapw5h, line 6: unreachable code after return statement
JavaScript warning: https://static-exp1.licdn.com/sc/h/bi38boy46r01cw7pdw5h5zqgw, line 6: unreachable code after return statement
JavaScript warning: https://static-exp1.licdn.com/sc/h/86iggxtwbnt6wg8b2cehlgize, line 6: unreachable code after return statement
JavaScript warning: https://static-exp1.licdn.com/sc/h/713twpe74fl4xx84p36anyqad, line 6: unreachable code after return statement
console.log: WebExtensions: reset-default-search: starting.
console.log: WebExtensions: reset-default-search: No addons in our list are installed.
1632928518620	Marionette	INFO	Stopped listening on port 53611
JavaScript error: resource:///modules/Interactions.jsm, line 230: NS_ERROR_FAILURE: Component returned failure code: 0x80004005 (NS_ERROR_FAILURE) [nsIUserIdleService.removeIdleObserver]

###!!! [Parent][RunMessage] Error: Channel closing: too late to send/recv, messages will be lost

zprofileHg9ijq\\search.json.mozlz4", (void 0)))
1632927009025	Marionette	INFO	Listening on port 59389
1632927009364	RemoteAgent	WARN	TLS certificate errors will be ignored for this session
JavaScript warning: https://static-exp1.licdn.com/sc/h/6jblk5oqhlo45xbkmcr7s4zix, line 1: WEBGL_debug_renderer_info is deprecated in Firefox and will be removed. Please use RENDERER.
JavaScript warning: https://static-exp1.licdn.com/sc/h/6jblk5oqhlo45xbkmcr7s4zix, line 1: WEBGL_debug_renderer_info is deprecated in Firefox and will be removed. Please use RENDERER.
JavaScript warning: https://static-exp1.licdn.com/sc/h/jehaalv6vyu4p2w9378icw2c, line 2: WEBGL_debug_renderer_info is deprecated in Firefox and will be removed. Please use RENDERER.
JavaScript warning: https://static-exp1.licdn.com/sc/h/6jblk5oqhlo45xbkmcr7s4zix, line 1: WEBGL_debug_renderer_info is deprecated in Firefox and will be removed. Please use RENDERER.
JavaScript warning: https://static-exp1.licdn.com/sc/h/6jblk5oqhlo45xbkmcr7s4zix, line 1: WEBGL_debug_renderer_info is deprecated in Firefox and will be removed. Please use RENDERER.
JavaScript warning: https://static-exp1.licdn.com/sc/h/dvcxgb23fugfm6vdmo5ymxmwg, line 6273: unreachable code after return statement
JavaScript warning: https://static-exp1.licdn.com/sc/h/e6umn1lwuah42akyjinuzj06v, line 6: unreachable code after return statement
JavaScript warning: https://static-exp1.licdn.com/sc/h/e6umn1lwuah42akyjinuzj06v, line 6: unreachable code after return statement
JavaScript warning: https://static-exp1.licdn.com/sc/h/4vrs22yl45omjnal67n03vi1c, line 6: unreachable code after return statement
JavaScript warning: https://static-exp1.licdn.com/sc/h/5rhvbk6i5rbgafytdhsfboh0e, line 6: unreachable code after return statement
JavaScript warning: https://static-exp1.licdn.com/sc/h/713twpe74fl4xx84p36anyqad, line 6: unreachable code after return statement
JavaScript warning: https://static-exp1.licdn.com/sc/h/86iggxtwbnt6wg8b2cehlgize, line 6: unreachable code after return statement
JavaScript warning: https://static-exp1.licdn.com/sc/h/b3xxmb8h6ia0k489c361m7lus, line 6: unreachable code after return statement
JavaScript warning: https://static-exp1.licdn.com/sc/h/6v7g9izmo6enw0l21cad2luod, line 6: unreachable code after return statement
JavaScript warning: https://static-exp1.licdn.com/sc/h/ed46i4l8cgiisriy2gsysr5j, line 6: unreachable code after return statement
JavaScript warning: https://static-exp1.licdn.com/sc/h/dmegrmt37cwnc6qykxvzpo7sl, line 6: unreachable code after return statement
JavaScript warning: https://static-exp1.licdn.com/sc/h/ccqoph922rnu9jkddmtlapw5h, line 6: unreachable code after return statement
JavaScript warning: https://pagead2.googlesyndication.com/bg/WOdvqX5MrEWan8NE-dDT01W_bgveDh48divqo2Vh5b0.js line 1 > eval line 5719 > eval line 1 > eval, line 1: WEBGL_debug_renderer_info is deprecated in Firefox and will be removed. Please use RENDERER.
JavaScript error: , line 0: TypeError: NetworkError when attempting to fetch resource.
JavaScript error: https://apis.google.com/_/scs/apps-static/_/js/k=oz.gapi.en_US.2lM46t9-YIo.O/m=client/rt=j/sv=1/d=1/ed=1/am=AQ/rs=AGLTcCOhwmvF7Fsri7fVyVVvLH1eaFC1jg/cb=gapi.loaded_0, line 208: uncaught exception: [object Object]
JavaScript warning: https://static-exp1.licdn.com/sc/h/dvcxgb23fugfm6vdmo5ymxmwg, line 6273: unreachable code after return statement
JavaScript warning: https://static-exp1.licdn.com/sc/h/7tc19ijeg1hdzt0rjhujy81yv, line 6: unreachable code after return statement
JavaScript warning: https://static-exp1.licdn.com/sc/h/e6umn1lwuah42akyjinuzj06v, line 6: unreachable code after return statement
JavaScript warning: https://static-exp1.licdn.com/sc/h/e6umn1lwuah42akyjinuzj06v, line 6: unreachable code after return statement
JavaScript warning: https://static-exp1.licdn.com/sc/h/ed46i4l8cgiisriy2gsysr5j, line 6: unreachable code after return statement
JavaScript warning: https://static-exp1.licdn.com/sc/h/713twpe74fl4xx84p36anyqad, line 6: unreachable code after return statement
JavaScript warning: https://static-exp1.licdn.com/sc/h/86iggxtwbnt6wg8b2cehlgize, line 6: unreachable code after return statement
JavaScript warning: https://static-exp1.licdn.com/sc/h/7k7scgpdrup8565kj2cug6nmf, line 6: unreachable code after return statement
JavaScript warning: https://static-exp1.licdn.com/sc/h/dmegrmt37cwnc6qykxvzpo7sl, line 6: unreachable code after return statement
JavaScript warning: https://static-exp1.licdn.com/sc/h/ccqoph922rnu9jkddmtlapw5h, line 6: unreachable code after return statement
JavaScript warning: https://static-exp1.licdn.com/sc/h/bi38boy46r01cw7pdw5h5zqgw, line 6: unreachable code after return statement
JavaScript warning: https://pagead2.googlesyndication.com/bg/WOdvqX5MrEWan8NE-dDT01W_bgveDh48divqo2Vh5b0.js line 1 > eval line 5409 > eval, line 1: WEBGL_debug_renderer_info is deprecated in Firefox and will be removed. Please use RENDERER.
console.log: WebExtensions: reset-default-search: starting.
console.log: WebExtensions: reset-default-search: No addons in our list are installed.
1632928519417	Marionette	INFO	Stopped listening on port 59389
JavaScript error: resource:///modules/Interactions.jsm, line 230: NS_ERROR_FAILURE: Component returned failure code: 0x80004005 (NS_ERROR_FAILURE) [nsIUserIdleService.removeIdleObserver]
JavaScript error: , line 0: TypeError: NetworkError when attempting to fetch resource.
xp1.licdn.com/sc/h/6jblk5oqhlo45xbkmcr7s4zix, line 1: WEBGL_debug_renderer_info is deprecated in Firefox and will be removed. Please use RENDERER.
JavaScript warning: https://static-exp1.licdn.com/sc/h/6jblk5oqhlo45xbkmcr7s4zix, line 1: WEBGL_debug_renderer_info is deprecated in Firefox and will be removed. Please use RENDERER.
JavaScript warning: https://static-exp1.licdn.com/sc/h/jehaalv6vyu4p2w9378icw2c, line 2: WEBGL_debug_renderer_info is deprecated in Firefox and will be removed. Please use RENDERER.
JavaScript warning: https://static-exp1.licdn.com/sc/h/6jblk5oqhlo45xbkmcr7s4zix, line 1: WEBGL_debug_renderer_info is deprecated in Firefox and will be removed. Please use RENDERER.
JavaScript warning: https://static-exp1.licdn.com/sc/h/6jblk5oqhlo45xbkmcr7s4zix, line 1: WEBGL_debug_renderer_info is deprecated in Firefox and will be removed. Please use RENDERER.
JavaScript warning: https://static-exp1.licdn.com/sc/h/dvcxgb23fugfm6vdmo5ymxmwg, line 6273: unreachable code after return statement
JavaScript warning: https://static-exp1.licdn.com/sc/h/e6umn1lwuah42akyjinuzj06v, line 6: unreachable code after return statement
JavaScript warning: https://static-exp1.licdn.com/sc/h/e6umn1lwuah42akyjinuzj06v, line 6: unreachable code after return statement
JavaScript warning: https://static-exp1.licdn.com/sc/h/4vrs22yl45omjnal67n03vi1c, line 6: unreachable code after return statement
JavaScript warning: https://static-exp1.licdn.com/sc/h/5rhvbk6i5rbgafytdhsfboh0e, line 6: unreachable code after return statement
JavaScript warning: https://static-exp1.licdn.com/sc/h/713twpe74fl4xx84p36anyqad, line 6: unreachable code after return statement
JavaScript warning: https://static-exp1.licdn.com/sc/h/86iggxtwbnt6wg8b2cehlgize, line 6: unreachable code after return statement
JavaScript warning: https://static-exp1.licdn.com/sc/h/b3xxmb8h6ia0k489c361m7lus, line 6: unreachable code after return statement
JavaScript warning: https://static-exp1.licdn.com/sc/h/6v7g9izmo6enw0l21cad2luod, line 6: unreachable code after return statement
JavaScript warning: https://static-exp1.licdn.com/sc/h/ed46i4l8cgiisriy2gsysr5j, line 6: unreachable code after return statement
JavaScript warning: https://static-exp1.licdn.com/sc/h/dmegrmt37cwnc6qykxvzpo7sl, line 6: unreachable code after return statement
JavaScript warning: https://static-exp1.licdn.com/sc/h/ccqoph922rnu9jkddmtlapw5h, line 6: unreachable code after return statement
1632927297155	Marionette	INFO	Stopped listening on port 59835
JavaScript error: resource:///modules/Interactions.jsm, line 230: NS_ERROR_FAILURE: Component returned failure code: 0x80004005 (NS_ERROR_FAILURE) [nsIUserIdleService.removeIdleObserver]

###!!! [Parent][RunMessage] Error: Channel closing: too late to send/recv, messages will be lost

1632927338200	geckodriver	INFO	Listening on 127.0.0.1:53934
1632927341243	mozrunner::runner	INFO	Running command: "C:\\Program Files\\Mozilla Firefox\\firefox.exe" "--marionette" "-foreground" "-no-remote" "-profile" "C:\\Users\\Lenovo\\AppData\\Local\\Temp\\rust_mozprofileWFK8s4"
1632927341739	Marionette	INFO	Marionette enabled
console.warn: SearchSettings: "get: No settings file exists, new profile?" (new NotFoundError("Could not open the file at C:\\Users\\Lenovo\\AppData\\Local\\Temp\\rust_mozprofileWFK8s4\\search.json.mozlz4", (void 0)))
1632927344259	Marionette	INFO	Listening on port 53943
1632927344455	RemoteAgent	WARN	TLS certificate errors will be ignored for this session
JavaScript warning: https://static-exp1.licdn.com/sc/h/6jblk5oqhlo45xbkmcr7s4zix, line 1: WEBGL_debug_renderer_info is deprecated in Firefox and will be removed. Please use RENDERER.
JavaScript warning: https://static-exp1.licdn.com/sc/h/6jblk5oqhlo45xbkmcr7s4zix, line 1: WEBGL_debug_renderer_info is deprecated in Firefox and will be removed. Please use RENDERER.
JavaScript warning: https://static-exp1.licdn.com/sc/h/jehaalv6vyu4p2w9378icw2c, line 2: WEBGL_debug_renderer_info is deprecated in Firefox and will be removed. Please use RENDERER.
JavaScript warning: https://static-exp1.licdn.com/sc/h/6jblk5oqhlo45xbkmcr7s4zix, line 1: WEBGL_debug_renderer_info is deprecated in Firefox and will be removed. Please use RENDERER.
JavaScript warning: https://static-exp1.licdn.com/sc/h/6jblk5oqhlo45xbkmcr7s4zix, line 1: WEBGL_debug_renderer_info is deprecated in Firefox and will be removed. Please use RENDERER.
JavaScript warning: https://static-exp1.licdn.com/sc/h/dvcxgb23fugfm6vdmo5ymxmwg, line 6273: unreachable code after return statement
JavaScript warning: https://static-exp1.licdn.com/sc/h/e6umn1lwuah42akyjinuzj06v, line 6: unreachable code after return statement
JavaScript warning: https://static-exp1.licdn.com/sc/h/e6umn1lwuah42akyjinuzj06v, line 6: unreachable code after return statement
JavaScript warning: https://static-exp1.licdn.com/sc/h/4vrs22yl45omjnal67n03vi1c, line 6: unreachable code after return statement
JavaScript warning: https://static-exp1.licdn.com/sc/h/5rhvbk6i5rbgafytdhsfboh0e, line 6: unreachable code after return statement
JavaScript warning: https://static-exp1.licdn.com/sc/h/713twpe74fl4xx84p36anyqad, line 6: unreachable code after return statement
JavaScript warning: https://static-exp1.licdn.com/sc/h/86iggxtwbnt6wg8b2cehlgize, line 6: unreachable code after return statement
JavaScript warning: https://static-exp1.licdn.com/sc/h/b3xxmb8h6ia0k489c361m7lus, line 6: unreachable code after return statement
JavaScript warning: https://static-exp1.licdn.com/sc/h/6v7g9izmo6enw0l21cad2luod, line 6: unreachable code after return statement
JavaScript warning: https://static-exp1.licdn.com/sc/h/ed46i4l8cgiisriy2gsysr5j, line 6: unreachable code after return statement
JavaScript warning: https://static-exp1.licdn.com/sc/h/dmegrmt37cwnc6qykxvzpo7sl, line 6: unreachable code after return statement
JavaScript warning: https://static-exp1.licdn.com/sc/h/ccqoph922rnu9jkddmtlapw5h, line 6: unreachable code after return statement
1632927441891	Marionette	INFO	Stopped listening on port 53941632927442841	mozrunner::runner	INFO	Running command: "C:\\Program Files\\Mozilla Firefox\\firefox.exe" "--marionette" "-foreground" "-no-remote" "-profile" "C:\\Users\\Lenovo\\AppData\\Local\\Temp\\rust_mozprofilet1of7A"
1632927443258	Marionette	INFO	Marionette enabled
console.warn: SearchSettings: "get: No settings file exists, new profile?" (new NotFoundError("Could not open the file at C:\\Users\\Lenovo\\AppData\\Local\\Temp\\rust_mozprofilet1of7A\\search.json.mozlz4", (void 0)))
1632927445672	Marionette	INFO	Listening on port 54194
1632927446012	RemoteAgent	WARN	TLS certificate errors will be ignored for this session
console.error: Region.jsm: "Error fetching region" (new Error("TIMEOUT", "resource://gre/modules/Region.jsm", 772))
console.error: Region.jsm: "Failed to fetch region" (new Error("TIMEOUT", "resource://gre/modules/Region.jsm", 419))
console.log: WebExtensions: reset-default-search: starting.
console.log: WebExtensions: reset-default-search: No addons in our list are installed.
1632928520048	Marionette	INFO	Stopped listening on port 54194
JavaScript error: resource:///modules/Interactions.jsm, line 230: NS_ERROR_FAILURE: Component returned failure code: 0x80004005 (NS_ERROR_FAILURE) [nsIUserIdleService.removeIdleObserver]

###!!! [Parent][RunMessage] Error: Channel closing: too late to send/recv, messages will be lost

zprofileWNcYbH\\search.json.mozlz4", (void 0)))
1632927522283	Marionette	INFO	Listening on port 60902
1632927522363	RemoteAgent	WARN	TLS certificate errors will be ignored for this session
JavaScript warning: https://static-exp1.licdn.com/sc/h/6jblk5oqhlo45xbkmcr7s4zix, line 1: WEBGL_debug_renderer_info is deprecated in Firefox and will be removed. Please use RENDERER.
JavaScript warning: https://static-exp1.licdn.com/sc/h/6jblk5oqhlo45xbkmcr7s4zix, line 1: WEBGL_debug_renderer_info is deprecated in Firefox and will be removed. Please use RENDERER.
JavaScript warning: https://static-exp1.licdn.com/sc/h/jehaalv6vyu4p2w9378icw2c, line 2: WEBGL_debug_renderer_info is deprecated in Firefox and will be removed. Please use RENDERER.
JavaScript warning: https://static-exp1.licdn.com/sc/h/6jblk5oqhlo45xbkmcr7s4zix, line 1: WEBGL_debug_renderer_info is deprecated in Firefox and will be removed. Please use RENDERER.
JavaScript warning: https://static-exp1.licdn.com/sc/h/6jblk5oqhlo45xbkmcr7s4zix, line 1: WEBGL_debug_renderer_info is deprecated in Firefox and will be removed. Please use RENDERER.
JavaScript warning: https://static-exp1.licdn.com/sc/h/dvcxgb23fugfm6vdmo5ymxmwg, line 6273: unreachable code after return statement
JavaScript warning: https://static-exp1.licdn.com/sc/h/e6umn1lwuah42akyjinuzj06v, line 6: unreachable code after return statement
JavaScript warning: https://static-exp1.licdn.com/sc/h/e6umn1lwuah42akyjinuzj06v, line 6: unreachable code after return statement
JavaScript warning: https://static-exp1.licdn.com/sc/h/5rhvbk6i5rbgafytdhsfboh0e, line 6: unreachable code after return statement
JavaScript warning: https://static-exp1.licdn.com/sc/h/4vrs22yl45omjnal67n03vi1c, line 6: unreachable code after return statement
JavaScript warning: https://static-exp1.licdn.com/sc/h/713twpe74fl4xx84p36anyqad, line 6: unreachable code after return statement
JavaScript warning: https://static-exp1.licdn.com/sc/h/86iggxtwbnt6wg8b2cehlgize, line 6: unreachable code after return statement
JavaScript error: , line 0: uncaught exception: Object
JavaScript warning: https://static-exp1.licdn.com/sc/h/b3xxmb8h6ia0k489c361m7lus, line 6: unreachable code after return statement
JavaScript warning: https://static-exp1.licdn.com/sc/h/6v7g9izmo6enw0l21cad2luod, line 6: unreachable code after return statement
JavaScript warning: https://static-exp1.licdn.com/sc/h/dvcxgb23fugfm6vdmo5ymxmwg, line 6273: unreachable code after return statement
JavaScript warning: https://static-exp1.licdn.com/sc/h/7tc19ijeg1hdzt0rjhujy81yv, line 6: unreachable code after return statement
JavaScript warning: https://static-exp1.licdn.com/sc/h/e6umn1lwuah42akyjinuzj06v, line 6: unreachable code after return statement
JavaScript warning: https://static-exp1.licdn.com/sc/h/e6umn1lwuah42akyjinuzj06v, line 6: unreachable code after return statement
JavaScript warning: https://static-exp1.licdn.com/sc/h/ed46i4l8cgiisriy2gsysr5j, line 6: unreachable code after return statement
JavaScript warning: https://static-exp1.licdn.com/sc/h/713twpe74fl4xx84p36anyqad, line 6: unreachable code after return statement
JavaScript warning: https://static-exp1.licdn.com/sc/h/86iggxtwbnt6wg8b2cehlgize, line 6: unreachable code after return statement
JavaScript error: , line 0: uncaught exception: Object
JavaScript error: , line 0: uncaught exception: Object
JavaScript warning: https://static-exp1.licdn.com/sc/h/dvcxgb23fugfm6vdmo5ymxmwg, line 6273: unreachable code after return statement
JavaScript warning: https://static-exp1.licdn.com/sc/h/7tc19ijeg1hdzt0rjhujy81yv, line 6: unreachable code after return statement
JavaScript warning: https://static-exp1.licdn.com/sc/h/e6umn1lwuah42akyjinuzj06v, line 6: unreachable code after return statement
JavaScript warning: https://static-exp1.licdn.com/sc/h/e6umn1lwuah42akyjinuzj06v, line 6: unreachable code after return statement
JavaScript warning: https://static-exp1.licdn.com/sc/h/ed46i4l8cgiisriy2gsysr5j, line 6: unreachable code after return statement
JavaScript warning: https://static-exp1.licdn.com/sc/h/713twpe74fl4xx84p36anyqad, line 6: unreachable code after return statement
JavaScript warning: https://static-exp1.licdn.com/sc/h/86iggxtwbnt6wg8b2cehlgize, line 6: unreachable code after return statement
JavaScript error: , line 0: uncaught exception: Object
JavaScript error: , line 0: uncaught exception: Object
JavaScript warning: https://static-exp1.licdn.com/sc/h/dvcxgb23fugfm6vdmo5ymxmwg, line 6273: unreachable code after return statement
JavaScript warning: https://static-exp1.licdn.com/sc/h/7tc19ijeg1hdzt0rjhujy81yv, line 6: unreachable code after return statement
JavaScript warning: https://static-exp1.licdn.com/sc/h/e6umn1lwuah42akyjinuzj06v, line 6: unreachable code after return statement
JavaScript warning: https://static-exp1.licdn.com/sc/h/e6umn1lwuah42akyjinuzj06v, line 6: unreachable code after return statement
JavaScript warning: https://static-exp1.licdn.com/sc/h/ed46i4l8cgiisriy2gsysr5j, line 6: unreachable code after return statement
JavaScript warning: https://static-exp1.licdn.com/sc/h/713twpe74fl4xx84p36anyqad, line 6: unreachable code after return statement
JavaScript warning: https://static-exp1.licdn.com/sc/h/86iggxtwbnt6wg8b2cehlgize, line 6: unreachable code after return statement
JavaScript warning: https://static-exp1.licdn.com/sc/h/7k7scgpdrup8565kj2cug6nmf, line 6: unreachable code after return statement
JavaScript warning: https://static-exp1.licdn.com/sc/h/dmegrmt37cwnc6qykxvzpo7sl, line 6: unreachable code after return statement
JavaScript warning: https://static-exp1.licdn.com/sc/h/ccqoph922rnu9jkddmtlapw5h, line 6: unreachable code after return statement
JavaScript warning: https://static-exp1.licdn.com/sc/h/bi38boy46r01cw7pdw5h5zqgw, line 6: unreachable code after return statement
1632927633440	Marionette	INFO	Stopped listening on port 60902
JavaScript error: resource:///modules/Interactions.jsm, l1632927634378	mozrunner::runner	INFO	Running command: "C:\\Program Files\\Mozilla Firefox\\firefox.exe" "--marionette" "-foreground" "-no-remote" "-profile" "C:\\Users\\Lenovo\\AppData\\Local\\Temp\\rust_mozprofilexA9w1D"
1632927634842	Marionette	INFO	Marionette enabled
console.warn: SearchSettings: "get: No settings file exists, new profile?" (new NotFoundError("Could not open the file at C:\\Users\\Lenovo\\AppData\\Local\\Temp\\rust_mozprofilexA9w1D\\search.json.mozlz4", (void 0)))
1632927637618	Marionette	INFO	Listening on port 56064
1632927638081	RemoteAgent	WARN	TLS certificate errors will be ignored for this session
JavaScript warning: https://static-exp1.licdn.com/sc/h/6jblk5oqhlo45xbkmcr7s4zix, line 1: WEBGL_debug_renderer_info is deprecated in Firefox and will be removed. Please use RENDERER.
JavaScript warning: https://static-exp1.licdn.com/sc/h/6jblk5oqhlo45xbkmcr7s4zix, line 1: WEBGL_debug_renderer_info is deprecated in Firefox and will be removed. Please use RENDERER.
JavaScript warning: https://static-exp1.licdn.com/sc/h/jehaalv6vyu4p2w9378icw2c, line 2: WEBGL_debug_renderer_info is deprecated in Firefox and will be removed. Please use RENDERER.
JavaScript warning: https://static-exp1.licdn.com/sc/h/6jblk5oqhlo45xbkmcr7s4zix, line 1: WEBGL_debug_renderer_info is deprecated in Firefox and will be removed. Please use RENDERER.
JavaScript warning: https://static-exp1.licdn.com/sc/h/6jblk5oqhlo45xbkmcr7s4zix, line 1: WEBGL_debug_renderer_info is deprecated in Firefox and will be removed. Please use RENDERER.
JavaScript warning: https://static-exp1.licdn.com/sc/h/dvcxgb23fugfm6vdmo5ymxmwg, line 6273: unreachable code after return statement
JavaScript warning: https://static-exp1.licdn.com/sc/h/e6umn1lwuah42akyjinuzj06v, line 6: unreachable code after return statement
JavaScript warning: https://static-exp1.licdn.com/sc/h/e6umn1lwuah42akyjinuzj06v, line 6: unreachable code after return statement
JavaScript warning: https://static-exp1.licdn.com/sc/h/5rhvbk6i5rbgafytdhsfboh0e, line 6: unreachable code after return statement
JavaScript warning: https://static-exp1.licdn.com/sc/h/4vrs22yl45omjnal67n03vi1c, line 6: unreachable code after return statement
JavaScript warning: https://static-exp1.licdn.com/sc/h/713twpe74fl4xx84p36anyqad, line 6: unreachable code after return statement
JavaScript warning: https://static-exp1.licdn.com/sc/h/86iggxtwbnt6wg8b2cehlgize, line 6: unreachable code after return statement
JavaScript error: , line 0: uncaught exception: Object
JavaScript error: , line 0: uncaught exception: Object
JavaScript error: , line 0: uncaught exception: Object
JavaScript error: , line 0: uncaught exception: Object
JavaScript error: , line 0: uncaught exception: Object
JavaScript error: , line 0: uncaught exception: Object
JavaScript error: , line 0: uncaught exception: Object
JavaScript error: , line 0: uncaught exception: Object
JavaScript error: , line 0: uncaught exception: Object
JavaScript error: , line 0: uncaught exception: Object
JavaScript error: , line 0: uncaught exception: Object
JavaScript error: , line 0: uncaught exception: Object
JavaScript error: , line 0: uncaught exception: Object
JavaScript error: , line 0: uncaught exception: Object
JavaScript error: , line 0: uncaught exception: Object
JavaScript error: , line 0: uncaught exception: Object
JavaScript error: , line 0: uncaught exception: Object
JavaScript error: , line 0: uncaught exception: Object
JavaScript error: , line 0: uncaught exception: Object
JavaScript error: , line 0: uncaught exception: Object
JavaScript error: , line 0: uncaught exception: Object
JavaScript error: , line 0: uncaught exception: Object
JavaScript error: , line 0: uncaught exception: Object
JavaScript error: , line 0: uncaught exception: Object
JavaScript error: , line 0: uncaught exception: Object
JavaScript error: , line 0: uncaught exception: Object
JavaScript error: , line 0: uncaught exception: Object
JavaScript warning: https://static-exp1.licdn.com/sc/h/dvcxgb23fugfm6vdmo5ymxmwg, line 6273: unreachable code after return statement
JavaScript warning: https://static-exp1.licdn.com/sc/h/7tc19ijeg1hdzt0rjhujy81yv, line 6: unreachable code after return statement
JavaScript warning: https://static-exp1.licdn.com/sc/h/e6umn1lwuah42akyjinuzj06v, line 6: unreachable code after return statement
JavaScript warning: https://static-exp1.licdn.com/sc/h/e6umn1lwuah42akyjinuzj06v, line 6: unreachable code after return statement
JavaScript warning: https://static-exp1.licdn.com/sc/h/ed46i4l8cgiisriy2gsysr5j, line 6: unreachable code after return statement
JavaScript warning: https://static-exp1.licdn.com/sc/h/713twpe74fl4xx84p36anyqad, line 6: unreachable code after return statement
JavaScript warning: https://static-exp1.licdn.com/sc/h/86iggxtwbnt6wg8b2cehlgize, line 6: unreachable code after return statement
JavaScript error: , line 0: uncaught exception: Object
JavaScript error: , line 0: uncaught exception: Object
JavaScript error: , line 0: uncaught exception: Object
JavaScript error: , line 0: uncaught exception: Object
JavaScript error: , line 0: uncaught exception: Object
JavaScript warning: https://static-exp1.licdn.com/sc/h/dvcxgb23fugfm6vdmo5ymxmwg, line 6273: unreachable code after return statement
JavaScript warning: https://static-exp1.licdn.com/sc/h/7tc19ijeg1hdzt0rjhujy81yv, line 6: unreachable code after return statement
JavaScript warning: https://static-exp1.licdn.com/sc/h/e6umn1lwuah42akyjinuzj06v, line 6: unreachable code after return statement
JavaScript warning: https://static-exp1.licdn.com/sc/h/e6umn1lwuah42akyjinuzj06v, line 6: unreachable code after return statement
JavaScript warning: https://static-exp1.licdn.com/sc/h/ed46i4l8cgiisriy2gsysr5j, line 6: unreachable code after return statement
JavaScript warning: https://static-exp1.licdn.com/sc/h/713twpe74fl4xx84p36anyqad, line 6: unreachable code after return statement
JavaScript warning: https://static-exp1.licdn.com/sc/h/86iggxtwbnt6wg8b2cehlgize, line 6: unreachable code after return statement
JavaScript warning: https://static-exp1.licdn.com/sc/h/7k7scgpdrup8565kj2cug6nmf, line 6: unreachable code after return statement
JavaScript warning: https://static-exp1.licdn.com/sc/h/dmegrmt37cwnc6qykxvzpo7sl, line 6: unreachable code after return statement
JavaScript warning: https://static-exp1.licdn.com/sc/h/ccqoph922rnu9jkddmtlapw5h, line 6: unreachable code after return statement
JavaScript warning: https://static-exp1.licdn.com/sc/h/bi38boy46r01cw7pdw5h5zqgw, line 6: unreachable code after return statement
JavaScript warning: https://static-exp1.licdn.com/sc/h/86iggxtwbnt6wg8b2cehlgize, line 6: unreachable code after return statement
JavaScript warning: https://static-exp1.licdn.com/sc/h/713twpe74fl4xx84p36anyqad, line 6: unreachable code after return statement
console.log: WebExtensions: reset-default-search: starting.
console.log: WebExtensions: reset-default-search: No addons in our list are installed.
JavaScript warning: https://static-exp1.licdn.com/sc/h/dvcxgb23fugfm6vdmo5ymxmwg, line 6273: unreachable code after return statement
JavaScript warning: https://static-exp1.licdn.com/sc/h/ccqoph922rnu9jkddmtlapw5h, line 6: unreachable code after return statement
JavaScript warning: https://static-exp1.licdn.com/sc/h/ccqoph922rnu9jkddmtlapw5h, line 6: unreachable code after return statement
JavaScript warning: https://static-exp1.licdn.com/sc/h/7tc19ijeg1hdzt0rjhujy81yv, line 6: unreachable code after return statement
JavaScript warning: https://static-exp1.licdn.com/sc/h/e6umn1lwuah42akyjinuzj06v, line 6: unreachable code after return statement
JavaScript warning: https://static-exp1.licdn.com/sc/h/713twpe74fl4xx84p36anyqad, line 6: unreachable code after return statement
JavaScript warning: https://static-exp1.licdn.com/sc/h/e6umn1lwuah42akyjinuzj06v, line 6: unreachable code after return statement
JavaScript warning: https://static-exp1.licdn.com/sc/h/86iggxtwbnt6wg8b2cehlgize, line 6: unreachable code after return statement
JavaScript warning: https://static-exp1.licdn.com/sc/h/ed46i4l8cgiisriy2gsysr5j, line 6: unreachable code after return statement
JavaScript warning: https://static-exp1.licdn.com/sc/h/7k7scgpdrup8565kj2cug6nmf, line 6: unreachable code after return statement
JavaScript warning: https://static-exp1.licdn.com/sc/h/dmegrmt37cwnc6qykxvzpo7sl, line 6: unreachable code after return statement
JavaScript warning: https://static-exp1.licdn.com/sc/h/ccqoph922rnu9jkddmtlapw5h, line 6: unreachable code after return statement
JavaScript warning: https://static-exp1.licdn.com/sc/h/bi38boy46r01cw7pdw5h5zqgw, line 6: unreachable code after return statement
JavaScript error: https://static-exp1.licdn.com/sc/h/dvcxgb23fugfm6vdmo5ymxmwg, line 16122: Error: {"status":0}
JavaScript error: https://static-exp1.licdn.com/sc/h/dvcxgb23fugfm6vdmo5ymxmwg, line 970: TypeError: Network request failed
JavaScript error: https://static-exp1.licdn.com/sc/h/dvcxgb23fugfm6vdmo5ymxmwg, line 970: TypeError: Network request failed
JavaScript error: https://static-exp1.licdn.com/sc/h/dvcxgb23fugfm6vdmo5ymxmwg, line 970: TypeError: Network request failed
JavaScript error: https://static-exp1.licdn.com/sc/h/dvcxgb23fugfm6vdmo5ymxmwg, line 970: TypeError: Network request failed
JavaScript error: https://static-exp1.licdn.com/sc/h/dvcxgb23fugfm6vdmo5ymxmwg, line 970: TypeError: Network request failed
JavaScript error: https://static-exp1.licdn.com/sc/h/dvcxgb23fugfm6vdmo5ymxmwg, line 970: TypeError: Network request failed
JavaScript error: https://static-exp1.licdn.com/sc/h/dvcxgb23fugfm6vdmo5ymxmwg, line 970: TypeError: Network request failed
1632928520940	Marionette	INFO	Stopped listening on port 56064
JavaScript error: resource:///modules/Interactions.jsm, line 230: NS_ERROR_FAILURE: Component returned failure code: 0x80004005 (NS_ERROR_FAILURE) [nsIUserIdleService.removeIdleObserver]
[Parent 8376, IPC I/O Parent] WARNING: file /builds/worker/checkouts/gecko/ipc/chromium/src/base/process_util_win.cc:167
[Parent 8376, IPC I/O Parent] WARNING: file /builds/worker/checkouts/gecko/ipc/chromium/src/base/process_util_win.cc:167
