nohup: ignoring input
2021-11-23 17:01:46 [scrapy.utils.log] INFO: Scrapy 2.5.1 started (bot: scrapybot)
2021-11-23 17:01:46 [scrapy.utils.log] INFO: Versions: lxml 4.6.4.0, libxml2 2.9.10, cssselect 1.1.0, parsel 1.6.0, w3lib 1.22.0, Twisted 21.7.0, Python 3.8.10 (default, Sep 28 2021, 16:10:42) - [GCC 9.3.0], pyOpenSSL 21.0.0 (OpenSSL 1.1.1l  24 Aug 2021), cryptography 36.0.0, Platform Linux-5.4.0-88-generic-x86_64-with-glibc2.29
2021-11-23 17:01:46 [scrapy.utils.log] DEBUG: Using reactor: twisted.internet.epollreactor.EPollReactor
2021-11-23 17:01:46 [scrapy.utils.log] INFO: Scrapy 2.5.1 started (bot: scrapybot)
2021-11-23 17:01:46 [scrapy.utils.log] INFO: Versions: lxml 4.6.4.0, libxml2 2.9.10, cssselect 1.1.0, parsel 1.6.0, w3lib 1.22.0, Twisted 21.7.0, Python 3.8.10 (default, Sep 28 2021, 16:10:42) - [GCC 9.3.0], pyOpenSSL 21.0.0 (OpenSSL 1.1.1l  24 Aug 2021), cryptography 36.0.0, Platform Linux-5.4.0-88-generic-x86_64-with-glibc2.29
2021-11-23 17:01:46 [scrapy.utils.log] DEBUG: Using reactor: twisted.internet.epollreactor.EPollReactor
2021-11-23 17:01:46 [scrapy.crawler] INFO: Overridden settings:
{'SPIDER_LOADER_WARN_ONLY': True}
2021-11-23 17:01:46 [scrapy.extensions.telnet] INFO: Telnet Password: 66a51a8b805df770
2021-11-23 17:01:46 [scrapy.middleware] INFO: Enabled extensions:
['scrapy.extensions.corestats.CoreStats',
 'scrapy.extensions.telnet.TelnetConsole',
 'scrapy.extensions.memusage.MemoryUsage',
 'scrapy.extensions.logstats.LogStats']
2021-11-23 17:01:46 [scrapy.middleware] INFO: Enabled downloader middlewares:
['scrapy.downloadermiddlewares.httpauth.HttpAuthMiddleware',
 'scrapy.downloadermiddlewares.downloadtimeout.DownloadTimeoutMiddleware',
 'scrapy.downloadermiddlewares.defaultheaders.DefaultHeadersMiddleware',
 'scrapy.downloadermiddlewares.useragent.UserAgentMiddleware',
 'scrapy.downloadermiddlewares.retry.RetryMiddleware',
 'scrapy.downloadermiddlewares.redirect.MetaRefreshMiddleware',
 'scrapy.downloadermiddlewares.httpcompression.HttpCompressionMiddleware',
 'scrapy.downloadermiddlewares.redirect.RedirectMiddleware',
 'scrapy.downloadermiddlewares.cookies.CookiesMiddleware',
 'scrapy.downloadermiddlewares.httpproxy.HttpProxyMiddleware',
 'scrapy.downloadermiddlewares.stats.DownloaderStats']
2021-11-23 17:01:46 [scrapy.middleware] INFO: Enabled spider middlewares:
['scrapy.spidermiddlewares.httperror.HttpErrorMiddleware',
 'scrapy.spidermiddlewares.offsite.OffsiteMiddleware',
 'scrapy.spidermiddlewares.referer.RefererMiddleware',
 'scrapy.spidermiddlewares.urllength.UrlLengthMiddleware',
 'scrapy.spidermiddlewares.depth.DepthMiddleware']
2021-11-23 17:01:46 [scrapy.middleware] INFO: Enabled item pipelines:
[]
2021-11-23 17:01:46 [scrapy.core.engine] INFO: Spider opened
2021-11-23 17:01:46 [scrapy.extensions.logstats] INFO: Crawled 0 pages (at 0 pages/min), scraped 0 items (at 0 items/min)
2021-11-23 17:01:46 [scrapy.extensions.telnet] INFO: Telnet console listening on 127.0.0.1:6023
2021-11-23 17:02:06 [scrapy.downloadermiddlewares.redirect] DEBUG: Redirecting (302) to <GET https://www.google.com/webhp> from <GET https://www.google.com/search?q=>
2021-11-23 17:02:07 [scrapy.core.engine] DEBUG: Crawled (200) <GET https://www.google.com/webhp> (referer: None)
2021-11-23 17:02:07 [scrapy.core.scraper] ERROR: Spider error processing <GET https://www.google.com/webhp> (referer: None)
Traceback (most recent call last):
  File "/root/GoogleSearch/lib/python3.8/site-packages/twisted/internet/defer.py", line 858, in _runCallbacks
    current.result = callback(  # type: ignore[misc]
  File "/root/GoogleSearch/GoogleData.py", line 43, in parse
    del anss[0]
IndexError: list assignment index out of range
2021-11-23 17:02:07 [scrapy.core.engine] DEBUG: Crawled (200) <GET https://www.google.com/search?q=What%20are%20Kubernetes%20policies?> (referer: None)
2021-11-23 17:02:17 [urllib3.connectionpool] DEBUG: Starting new HTTPS connection (1): www.google.com:443
2021-11-23 17:02:17 [urllib3.connectionpool] DEBUG: https://www.google.com:443 "GET /search?q=What%20are%20policies%20in%20Kubernetes? HTTP/1.1" 200 None
2021-11-23 17:02:38 [urllib3.connectionpool] DEBUG: https://www.google.com:443 "GET /search?q=What%20are%20network%20policies? HTTP/1.1" 200 None
2021-11-23 17:02:59 [urllib3.connectionpool] DEBUG: https://www.google.com:443 "GET /search?q=What%20is%20the%20purpose%20of%20enabling%20network%20policies%20in%20a%20Kubernetes%20cluster? HTTP/1.1" 200 None
2021-11-23 17:03:20 [urllib3.connectionpool] DEBUG: https://www.google.com:443 "GET /search?q=What%20is%20DNS%20policy%20in%20Kubernetes? HTTP/1.1" 200 None
2021-11-23 17:03:41 [urllib3.connectionpool] DEBUG: https://www.google.com:443 "GET /search?q=What%20is%20egress%20policy? HTTP/1.1" 200 None
2021-11-23 17:04:03 [urllib3.connectionpool] DEBUG: https://www.google.com:443 "GET /search?q=What%20are%20some%20network%20policies? HTTP/1.1" 200 None
2021-11-23 17:04:24 [urllib3.connectionpool] DEBUG: https://www.google.com:443 "GET /search?q=What%20is%20network%20policies%20and%20procedures? HTTP/1.1" 200 None
2021-11-23 17:04:35 [scrapy.extensions.logstats] INFO: Crawled 2 pages (at 2 pages/min), scraped 0 items (at 0 items/min)
2021-11-23 17:04:35 [scrapy.core.engine] INFO: Closing spider (finished)
2021-11-23 17:04:35 [scrapy.statscollectors] INFO: Dumping Scrapy stats:
{'downloader/request_bytes': 1886,
 'downloader/request_count': 3,
 'downloader/request_method_count/GET': 3,
 'downloader/response_bytes': 128335,
 'downloader/response_count': 3,
 'downloader/response_status_count/200': 2,
 'downloader/response_status_count/302': 1,
 'elapsed_time_seconds': 168.640585,
 'finish_reason': 'finished',
 'finish_time': datetime.datetime(2021, 11, 23, 17, 4, 35, 187444),
 'httpcompression/response_bytes': 489515,
 'httpcompression/response_count': 2,
 'log_count/DEBUG': 11,
 'log_count/ERROR': 1,
 'log_count/INFO': 11,
 'memusage/max': 122757120,
 'memusage/startup': 98594816,
 'response_received_count': 2,
 'scheduler/dequeued': 3,
 'scheduler/dequeued/memory': 3,
 'scheduler/enqueued': 3,
 'scheduler/enqueued/memory': 3,
 'spider_exceptions/IndexError': 1,
 'start_time': datetime.datetime(2021, 11, 23, 17, 1, 46, 546859)}
2021-11-23 17:04:35 [scrapy.core.engine] INFO: Spider closed (finished)
